<!DOCTYPE html>

<html>
  <head>
  <meta charset='utf-8'>
  <title>TestNG reports</title>

    <link type="text/css" href="testng-reports1.css" rel="stylesheet" id="ultra" />
    <link type="text/css" href="testng-reports.css" rel="stylesheet" id="retro" disabled="false"/>
    <script type="text/javascript" src="jquery.min.js"></script>
    <script type="text/javascript" src="testng-reports.js"></script>
    <script type="text/javascript" src="https://www.google.com/jsapi"></script>
    <script type='text/javascript'>
      google.load('visualization', '1', {packages:['table']});
      google.setOnLoadCallback(drawTable);
      var suiteTableInitFunctions = new Array();
      var suiteTableData = new Array();
    </script>
    <!--
      <script type="text/javascript" src="jquery-ui/js/jquery-ui-1.8.16.custom.min.js"></script>
     -->
  </head>

  <body>
    <div class="top-banner-root">
      <span class="top-banner-title-font">Test results</span>
      <button id="button" class="button">Switch Retro Theme</button> <!-- button -->
      <br/>
      <span class="top-banner-font-1">1 suite, 13 failed tests</span>
    </div> <!-- top-banner-root -->
    <div class="navigator-root">
      <div class="navigator-suite-header">
        <span>All suites</span>
        <a href="#" title="Collapse/expand all the suites" class="collapse-all-link">
          <img src="collapseall.gif" class="collapse-all-icon">
          </img> <!-- collapse-all-icon -->
        </a> <!-- collapse-all-link -->
      </div> <!-- navigator-suite-header -->
      <div class="suite">
        <div class="rounded-window">
          <div class="suite-header light-rounded-window-top">
            <a href="#" panel-name="suite-Suite" class="navigator-link">
              <span class="suite-name border-failed">Suite</span>
            </a> <!-- navigator-link -->
          </div> <!-- suite-header light-rounded-window-top -->
          <div class="navigator-suite-content">
            <div class="suite-section-title">
              <span>Info</span>
            </div> <!-- suite-section-title -->
            <div class="suite-section-content">
              <ul>
                <li>
                  <a href="#" panel-name="test-xml-Suite" class="navigator-link ">
                    <span>C:\Users\H P\eclipse-workspace\Project_1\parallel_testing.xml</span>
                  </a> <!-- navigator-link  -->
                </li>
                <li>
                  <a href="#" panel-name="testlist-Suite" class="navigator-link ">
                    <span class="test-stats">2 tests</span>
                  </a> <!-- navigator-link  -->
                </li>
                <li>
                  <a href="#" panel-name="group-Suite" class="navigator-link ">
                    <span>0 groups</span>
                  </a> <!-- navigator-link  -->
                </li>
                <li>
                  <a href="#" panel-name="times-Suite" class="navigator-link ">
                    <span>Times</span>
                  </a> <!-- navigator-link  -->
                </li>
                <li>
                  <a href="#" panel-name="reporter-Suite" class="navigator-link ">
                    <span>Reporter output</span>
                  </a> <!-- navigator-link  -->
                </li>
                <li>
                  <a href="#" panel-name="ignored-methods-Suite" class="navigator-link ">
                    <span>Ignored methods</span>
                  </a> <!-- navigator-link  -->
                </li>
                <li>
                  <a href="#" panel-name="chronological-Suite" class="navigator-link ">
                    <span>Chronological view</span>
                  </a> <!-- navigator-link  -->
                </li>
              </ul>
            </div> <!-- suite-section-content -->
            <div class="result-section">
              <div class="suite-section-title">
                <span>Results</span>
              </div> <!-- suite-section-title -->
              <div class="suite-section-content">
                <ul>
                  <li>
                    <span class="method-stats">30 methods, 13 failed,   17 passed</span>
                  </li>
                  <li>
                    <span class="method-list-title failed">Failed methods</span>
                    <span class="show-or-hide-methods failed">
                      <a href="#" panel-name="suite-Suite" class="hide-methods failed suite-Suite"> (hide)</a> <!-- hide-methods failed suite-Suite -->
                      <a href="#" panel-name="suite-Suite" class="show-methods failed suite-Suite"> (show)</a> <!-- show-methods failed suite-Suite -->
                    </span>
                    <div class="method-list-content failed suite-Suite">
                      <span>
                        <img src="failed.png" width="3%"/>
                        <a href="#" panel-name="suite-Suite" title="E_Commerce.Project_1.Test_Case_13" class="method navigator-link" hash-for-method="apply_coupon_code">apply_coupon_code</a> <!-- method navigator-link -->
                      </span>
                      <br/>
                      <span>
                        <img src="failed.png" width="3%"/>
                        <a href="#" panel-name="suite-Suite" title="E_Commerce.Project_1.Test_Case_13" class="method navigator-link" hash-for-method="apply_coupon_code">apply_coupon_code</a> <!-- method navigator-link -->
                      </span>
                      <br/>
                      <span>
                        <img src="failed.png" width="3%"/>
                        <a href="#" panel-name="suite-Suite" title="E_Commerce.Project_1.Test_Case_4" class="method navigator-link" hash-for-method="edit_profile">edit_profile</a> <!-- method navigator-link -->
                      </span>
                      <br/>
                      <span>
                        <img src="failed.png" width="3%"/>
                        <a href="#" panel-name="suite-Suite" title="E_Commerce.Project_1.Test_Case_4" class="method navigator-link" hash-for-method="edit_profile">edit_profile</a> <!-- method navigator-link -->
                      </span>
                      <br/>
                      <span>
                        <img src="failed.png" width="3%"/>
                        <a href="#" panel-name="suite-Suite" title="E_Commerce.Project_1.Test_Case_14" class="method navigator-link" hash-for-method="give_rating_on_last_order">give_rating_on_last_order</a> <!-- method navigator-link -->
                      </span>
                      <br/>
                      <span>
                        <img src="failed.png" width="3%"/>
                        <a href="#" panel-name="suite-Suite" title="E_Commerce.Project_1.Test_Case_14" class="method navigator-link" hash-for-method="give_rating_on_last_order">give_rating_on_last_order</a> <!-- method navigator-link -->
                      </span>
                      <br/>
                      <span>
                        <img src="failed.png" width="3%"/>
                        <a href="#" panel-name="suite-Suite" title="E_Commerce.Project_1.Test_Case_8" class="method navigator-link" hash-for-method="product_sorted_by_price">product_sorted_by_price</a> <!-- method navigator-link -->
                      </span>
                      <br/>
                      <span>
                        <img src="failed.png" width="3%"/>
                        <a href="#" panel-name="suite-Suite" title="E_Commerce.Project_1.Test_Case_1" class="method navigator-link" hash-for-method="registration">registration</a> <!-- method navigator-link -->
                      </span>
                      <br/>
                      <span>
                        <img src="failed.png" width="3%"/>
                        <a href="#" panel-name="suite-Suite" title="E_Commerce.Project_1.Test_Case_1" class="method navigator-link" hash-for-method="registration">registration</a> <!-- method navigator-link -->
                      </span>
                      <br/>
                      <span>
                        <img src="failed.png" width="3%"/>
                        <a href="#" panel-name="suite-Suite" title="E_Commerce.Project_1.Test_Case_12" class="method navigator-link" hash-for-method="select_payment_method">select_payment_method</a> <!-- method navigator-link -->
                      </span>
                      <br/>
                      <span>
                        <img src="failed.png" width="3%"/>
                        <a href="#" panel-name="suite-Suite" title="E_Commerce.Project_1.Test_Case_12" class="method navigator-link" hash-for-method="select_payment_method">select_payment_method</a> <!-- method navigator-link -->
                      </span>
                      <br/>
                      <span>
                        <img src="failed.png" width="3%"/>
                        <a href="#" panel-name="suite-Suite" title="E_Commerce.Project_1.Test_Case_11" class="method navigator-link" hash-for-method="validate_checkout_process_address_payment_selection__order_review">validate_checkout_process_address_payment_selection__order_review</a> <!-- method navigator-link -->
                      </span>
                      <br/>
                      <span>
                        <img src="failed.png" width="3%"/>
                        <a href="#" panel-name="suite-Suite" title="E_Commerce.Project_1.Test_Case_11" class="method navigator-link" hash-for-method="validate_checkout_process_address_payment_selection__order_review">validate_checkout_process_address_payment_selection__order_review</a> <!-- method navigator-link -->
                      </span>
                      <br/>
                    </div> <!-- method-list-content failed suite-Suite -->
                  </li>
                  <li>
                    <span class="method-list-title passed">Passed methods</span>
                    <span class="show-or-hide-methods passed">
                      <a href="#" panel-name="suite-Suite" class="hide-methods passed suite-Suite"> (hide)</a> <!-- hide-methods passed suite-Suite -->
                      <a href="#" panel-name="suite-Suite" class="show-methods passed suite-Suite"> (show)</a> <!-- show-methods passed suite-Suite -->
                    </span>
                    <div class="method-list-content passed suite-Suite">
                      <span>
                        <img src="passed.png" width="3%"/>
                        <a href="#" panel-name="suite-Suite" title="E_Commerce.Project_1.Test_Case_3" class="method navigator-link" hash-for-method="invalid_login_credential">invalid_login_credential</a> <!-- method navigator-link -->
                      </span>
                      <br/>
                      <span>
                        <img src="passed.png" width="3%"/>
                        <a href="#" panel-name="suite-Suite" title="E_Commerce.Project_1.Test_Case_3" class="method navigator-link" hash-for-method="invalid_login_credential">invalid_login_credential</a> <!-- method navigator-link -->
                      </span>
                      <br/>
                      <span>
                        <img src="passed.png" width="3%"/>
                        <a href="#" panel-name="suite-Suite" title="E_Commerce.Project_1.Test_Case_9" class="method navigator-link" hash-for-method="product_added_to_shopping_cart">product_added_to_shopping_cart</a> <!-- method navigator-link -->
                      </span>
                      <br/>
                      <span>
                        <img src="passed.png" width="3%"/>
                        <a href="#" panel-name="suite-Suite" title="E_Commerce.Project_1.Test_Case_9" class="method navigator-link" hash-for-method="product_added_to_shopping_cart">product_added_to_shopping_cart</a> <!-- method navigator-link -->
                      </span>
                      <br/>
                      <span>
                        <img src="passed.png" width="3%"/>
                        <a href="#" panel-name="suite-Suite" title="E_Commerce.Project_1.Test_Case_7" class="method navigator-link" hash-for-method="product_discription_review_display">product_discription_review_display</a> <!-- method navigator-link -->
                      </span>
                      <br/>
                      <span>
                        <img src="passed.png" width="3%"/>
                        <a href="#" panel-name="suite-Suite" title="E_Commerce.Project_1.Test_Case_7" class="method navigator-link" hash-for-method="product_discription_review_display">product_discription_review_display</a> <!-- method navigator-link -->
                      </span>
                      <br/>
                      <span>
                        <img src="passed.png" width="3%"/>
                        <a href="#" panel-name="suite-Suite" title="E_Commerce.Project_1.Test_Case_8" class="method navigator-link" hash-for-method="product_sorted_by_price">product_sorted_by_price</a> <!-- method navigator-link -->
                      </span>
                      <br/>
                      <span>
                        <img src="passed.png" width="3%"/>
                        <a href="#" panel-name="suite-Suite" title="E_Commerce.Project_1.Test_Case_15" class="method navigator-link" hash-for-method="reach_cart_page_witout_login">reach_cart_page_witout_login</a> <!-- method navigator-link -->
                      </span>
                      <br/>
                      <span>
                        <img src="passed.png" width="3%"/>
                        <a href="#" panel-name="suite-Suite" title="E_Commerce.Project_1.Test_Case_15" class="method navigator-link" hash-for-method="reach_cart_page_witout_login">reach_cart_page_witout_login</a> <!-- method navigator-link -->
                      </span>
                      <br/>
                      <span>
                        <img src="passed.png" width="3%"/>
                        <a href="#" panel-name="suite-Suite" title="E_Commerce.Project_1.Test_Case_5" class="method navigator-link" hash-for-method="search_product_shoe">search_product_shoe</a> <!-- method navigator-link -->
                      </span>
                      <br/>
                      <span>
                        <img src="passed.png" width="3%"/>
                        <a href="#" panel-name="suite-Suite" title="E_Commerce.Project_1.Test_Case_5" class="method navigator-link" hash-for-method="search_product_shoe">search_product_shoe</a> <!-- method navigator-link -->
                      </span>
                      <br/>
                      <span>
                        <img src="passed.png" width="3%"/>
                        <a href="#" panel-name="suite-Suite" title="E_Commerce.Project_1.Test_Case_6" class="method navigator-link" hash-for-method="search_product_with_filter">search_product_with_filter</a> <!-- method navigator-link -->
                      </span>
                      <br/>
                      <span>
                        <img src="passed.png" width="3%"/>
                        <a href="#" panel-name="suite-Suite" title="E_Commerce.Project_1.Test_Case_6" class="method navigator-link" hash-for-method="search_product_with_filter">search_product_with_filter</a> <!-- method navigator-link -->
                      </span>
                      <br/>
                      <span>
                        <img src="passed.png" width="3%"/>
                        <a href="#" panel-name="suite-Suite" title="E_Commerce.Project_1.Test_Case_10" class="method navigator-link" hash-for-method="shopping_cart_updtaed">shopping_cart_updtaed</a> <!-- method navigator-link -->
                      </span>
                      <br/>
                      <span>
                        <img src="passed.png" width="3%"/>
                        <a href="#" panel-name="suite-Suite" title="E_Commerce.Project_1.Test_Case_10" class="method navigator-link" hash-for-method="shopping_cart_updtaed">shopping_cart_updtaed</a> <!-- method navigator-link -->
                      </span>
                      <br/>
                      <span>
                        <img src="passed.png" width="3%"/>
                        <a href="#" panel-name="suite-Suite" title="E_Commerce.Project_1.Test_Case_2" class="method navigator-link" hash-for-method="valid_credential_login">valid_credential_login</a> <!-- method navigator-link -->
                      </span>
                      <br/>
                      <span>
                        <img src="passed.png" width="3%"/>
                        <a href="#" panel-name="suite-Suite" title="E_Commerce.Project_1.Test_Case_2" class="method navigator-link" hash-for-method="valid_credential_login">valid_credential_login</a> <!-- method navigator-link -->
                      </span>
                      <br/>
                    </div> <!-- method-list-content passed suite-Suite -->
                  </li>
                </ul>
              </div> <!-- suite-section-content -->
            </div> <!-- result-section -->
          </div> <!-- navigator-suite-content -->
        </div> <!-- rounded-window -->
      </div> <!-- suite -->
    </div> <!-- navigator-root -->
    <div class="wrapper">
      <div class="main-panel-root">
        <div panel-name="suite-Suite" class="panel Suite">
          <div class="suite-Suite-class-failed">
            <div class="main-panel-header rounded-window-top">
              <img src="failed.png"/>
              <span class="class-name">E_Commerce.Project_1.Test_Case_11</span>
            </div> <!-- main-panel-header rounded-window-top -->
            <div class="main-panel-content rounded-window-bottom">
              <div class="method">
                <div class="method-content">
                  <a name="validate_checkout_process_address_payment_selection__order_review">
                  </a> <!-- validate_checkout_process_address_payment_selection__order_review -->
                  <span class="method-name">validate_checkout_process_address_payment_selection__order_review</span>
                  <div class="stack-trace">org.openqa.selenium.StaleElementReferenceException: stale element reference: stale element not found in the current frame
  (Session info: chrome=126.0.6478.127)
For documentation on this error, please visit: https://www.selenium.dev/documentation/webdriver/troubleshooting/errors#stale-element-reference-exception
Build info: version: &apos;4.21.0&apos;, revision: &apos;79ed462ef4&apos;
System info: os.name: &apos;Windows 10&apos;, os.arch: &apos;amd64&apos;, os.version: &apos;10.0&apos;, java.version: &apos;17.0.9&apos;
Driver info: org.openqa.selenium.chrome.ChromeDriver
Command: [fcef40966815d1b1e5da48a27d16af2c, clickElement {id=f.1A6A07553FC6ACD182DCE2D97EDA9D28.d.558DB2C52B953EE58ADBAF624DA86D53.e.258}]
Capabilities {acceptInsecureCerts: false, browserName: chrome, browserVersion: 126.0.6478.127, chrome: {chromedriverVersion: 126.0.6478.182 (5b5d8292ddf..., userDataDir: C:\Users\HP12D5~1\AppData\L...}, fedcm:accounts: true, goog:chromeOptions: {debuggerAddress: localhost:51310}, networkConnectionEnabled: false, pageLoadStrategy: normal, platformName: windows, proxy: Proxy(), se:cdp: ws://localhost:51310/devtoo..., se:cdpVersion: 126.0.6478.127, setWindowRect: true, strictFileInteractability: false, timeouts: {implicit: 0, pageLoad: 300000, script: 30000}, unhandledPromptBehavior: dismiss and notify, webauthn:extension:credBlob: true, webauthn:extension:largeBlob: true, webauthn:extension:minPinLength: true, webauthn:extension:prf: true, webauthn:virtualAuthenticators: true}
Element: [[ChromeDriver: chrome on windows (fcef40966815d1b1e5da48a27d16af2c)] -&gt; name: proceedToRetailCheckout]
Session ID: fcef40966815d1b1e5da48a27d16af2c
	at org.openqa.selenium.remote.ErrorCodec.decode(ErrorCodec.java:167)
	at org.openqa.selenium.remote.codec.w3c.W3CHttpResponseCodec.decode(W3CHttpResponseCodec.java:138)
	at org.openqa.selenium.remote.codec.w3c.W3CHttpResponseCodec.decode(W3CHttpResponseCodec.java:50)
	at org.openqa.selenium.remote.HttpCommandExecutor.execute(HttpCommandExecutor.java:190)
	at org.openqa.selenium.remote.service.DriverCommandExecutor.invokeExecute(DriverCommandExecutor.java:216)
	at org.openqa.selenium.remote.service.DriverCommandExecutor.execute(DriverCommandExecutor.java:174)
	at org.openqa.selenium.remote.RemoteWebDriver.execute(RemoteWebDriver.java:518)
	at org.openqa.selenium.remote.RemoteWebElement.execute(RemoteWebElement.java:223)
	at org.openqa.selenium.remote.RemoteWebElement.click(RemoteWebElement.java:76)
	at org.openqa.selenium.support.pagefactory.internal.LocatingElementHandler.invoke(LocatingElementHandler.java:51)
	at jdk.proxy2/jdk.proxy2.$Proxy13.click(Unknown Source)
	at E_Commerce.Project_1.TC_11_Amazon_Checkout_Address_Payment_Selection.proceed_to_buy(TC_11_Amazon_Checkout_Address_Payment_Selection.java:25)
	at E_Commerce.Project_1.Test_Case_11.validate_checkout_process_address_payment_selection__order_review(Test_Case_11.java:44)
	at java.base/java.util.ArrayList.forEach(ArrayList.java:1511)
	at java.base/java.util.concurrent.FutureTask.run(FutureTask.java:264)
	at java.base/java.util.concurrent.ThreadPoolExecutor.runWorker(ThreadPoolExecutor.java:1136)
	at java.base/java.util.concurrent.ThreadPoolExecutor$Worker.run(ThreadPoolExecutor.java:635)
	at java.base/java.lang.Thread.run(Thread.java:840)
... Removed 26 stack frames
</div> <!-- stack-trace -->
                </div> <!-- method-content -->
              </div> <!-- method -->
              <div class="method">
                <div class="method-content">
                  <a name="validate_checkout_process_address_payment_selection__order_review">
                  </a> <!-- validate_checkout_process_address_payment_selection__order_review -->
                  <span class="method-name">validate_checkout_process_address_payment_selection__order_review</span>
                  <div class="stack-trace">org.openqa.selenium.StaleElementReferenceException: stale element reference: stale element not found in the current frame
  (Session info: MicrosoftEdge=126.0.2592.102)
For documentation on this error, please visit: https://www.selenium.dev/documentation/webdriver/troubleshooting/errors#stale-element-reference-exception
Build info: version: &apos;4.21.0&apos;, revision: &apos;79ed462ef4&apos;
System info: os.name: &apos;Windows 10&apos;, os.arch: &apos;amd64&apos;, os.version: &apos;10.0&apos;, java.version: &apos;17.0.9&apos;
Driver info: org.openqa.selenium.edge.EdgeDriver
Command: [84c0e6217098667942ccbceabcb6ea3b, getElementTagName {id=f.DE59AB70427459C9944B86141097D9B6.d.874BEC3350E163C893A390EDB246C14C.e.659}]
Capabilities {acceptInsecureCerts: false, browserName: MicrosoftEdge, browserVersion: 126.0.2592.102, fedcm:accounts: true, ms:edgeOptions: {debuggerAddress: localhost:51673}, msedge: {msedgedriverVersion: 126.0.2592.102 (720b5d614be..., userDataDir: C:\Users\HP12D5~1\AppData\L...}, networkConnectionEnabled: false, pageLoadStrategy: normal, platformName: windows, proxy: Proxy(), se:cdp: ws://localhost:51673/devtoo..., se:cdpVersion: 126.0.2592.102, setWindowRect: true, strictFileInteractability: false, timeouts: {implicit: 0, pageLoad: 300000, script: 30000}, unhandledPromptBehavior: dismiss and notify, webauthn:extension:credBlob: true, webauthn:extension:largeBlob: true, webauthn:extension:minPinLength: true, webauthn:extension:prf: true, webauthn:virtualAuthenticators: true}
Element: [[EdgeDriver: MicrosoftEdge on windows (84c0e6217098667942ccbceabcb6ea3b)] -&gt; xpath: //select[@class=&apos;a-native-dropdown a-declarative&apos;]]
Session ID: 84c0e6217098667942ccbceabcb6ea3b
	at org.openqa.selenium.remote.ErrorCodec.decode(ErrorCodec.java:167)
	at org.openqa.selenium.remote.codec.w3c.W3CHttpResponseCodec.decode(W3CHttpResponseCodec.java:138)
	at org.openqa.selenium.remote.codec.w3c.W3CHttpResponseCodec.decode(W3CHttpResponseCodec.java:50)
	at org.openqa.selenium.remote.HttpCommandExecutor.execute(HttpCommandExecutor.java:190)
	at org.openqa.selenium.remote.service.DriverCommandExecutor.invokeExecute(DriverCommandExecutor.java:216)
	at org.openqa.selenium.remote.service.DriverCommandExecutor.execute(DriverCommandExecutor.java:174)
	at org.openqa.selenium.remote.RemoteWebDriver.execute(RemoteWebDriver.java:518)
	at org.openqa.selenium.remote.RemoteWebElement.execute(RemoteWebElement.java:223)
	at org.openqa.selenium.remote.RemoteWebElement.getTagName(RemoteWebElement.java:134)
	at org.openqa.selenium.support.pagefactory.internal.LocatingElementHandler.invoke(LocatingElementHandler.java:51)
	at jdk.proxy2/jdk.proxy2.$Proxy13.getTagName(Unknown Source)
	at org.openqa.selenium.support.ui.Select.&lt;init&gt;(Select.java:43)
	at E_Commerce.Project_1.TC_8_Amazon_Product_Sorted_Price.product_sorted_by_price(TC_8_Amazon_Product_Sorted_Price.java:20)
	at E_Commerce.Project_1.Test_Case_11.validate_checkout_process_address_payment_selection__order_review(Test_Case_11.java:29)
	at java.base/java.util.ArrayList.forEach(ArrayList.java:1511)
	at java.base/java.util.concurrent.FutureTask.run(FutureTask.java:264)
	at java.base/java.util.concurrent.ThreadPoolExecutor.runWorker(ThreadPoolExecutor.java:1136)
	at java.base/java.util.concurrent.ThreadPoolExecutor$Worker.run(ThreadPoolExecutor.java:635)
	at java.base/java.lang.Thread.run(Thread.java:840)
... Removed 27 stack frames
</div> <!-- stack-trace -->
                </div> <!-- method-content -->
              </div> <!-- method -->
            </div> <!-- main-panel-content rounded-window-bottom -->
          </div> <!-- suite-Suite-class-failed -->
          <div class="suite-Suite-class-failed">
            <div class="main-panel-header rounded-window-top">
              <img src="failed.png"/>
              <span class="class-name">E_Commerce.Project_1.Test_Case_1</span>
            </div> <!-- main-panel-header rounded-window-top -->
            <div class="main-panel-content rounded-window-bottom">
              <div class="method">
                <div class="method-content">
                  <a name="registration">
                  </a> <!-- registration -->
                  <span class="method-name">registration</span>
                  <div class="stack-trace">org.openqa.selenium.NoSuchElementException: no such element: Unable to locate element: {&quot;method&quot;:&quot;css selector&quot;,&quot;selector&quot;:&quot;#ap_customer_name&quot;}
  (Session info: chrome=126.0.6478.127)
For documentation on this error, please visit: https://www.selenium.dev/documentation/webdriver/troubleshooting/errors#no-such-element-exception
Build info: version: &apos;4.21.0&apos;, revision: &apos;79ed462ef4&apos;
System info: os.name: &apos;Windows 10&apos;, os.arch: &apos;amd64&apos;, os.version: &apos;10.0&apos;, java.version: &apos;17.0.9&apos;
Driver info: org.openqa.selenium.chrome.ChromeDriver
Command: [fca257750d183f977174ca38f6bef7ec, findElement {using=id, value=ap_customer_name}]
Capabilities {acceptInsecureCerts: false, browserName: chrome, browserVersion: 126.0.6478.127, chrome: {chromedriverVersion: 126.0.6478.182 (5b5d8292ddf..., userDataDir: C:\Users\HP12D5~1\AppData\L...}, fedcm:accounts: true, goog:chromeOptions: {debuggerAddress: localhost:62012}, networkConnectionEnabled: false, pageLoadStrategy: normal, platformName: windows, proxy: Proxy(), se:cdp: ws://localhost:62012/devtoo..., se:cdpVersion: 126.0.6478.127, setWindowRect: true, strictFileInteractability: false, timeouts: {implicit: 0, pageLoad: 300000, script: 30000}, unhandledPromptBehavior: dismiss and notify, webauthn:extension:credBlob: true, webauthn:extension:largeBlob: true, webauthn:extension:minPinLength: true, webauthn:extension:prf: true, webauthn:virtualAuthenticators: true}
Session ID: fca257750d183f977174ca38f6bef7ec
	at org.openqa.selenium.remote.ErrorCodec.decode(ErrorCodec.java:167)
	at org.openqa.selenium.remote.codec.w3c.W3CHttpResponseCodec.decode(W3CHttpResponseCodec.java:138)
	at org.openqa.selenium.remote.codec.w3c.W3CHttpResponseCodec.decode(W3CHttpResponseCodec.java:50)
	at org.openqa.selenium.remote.HttpCommandExecutor.execute(HttpCommandExecutor.java:190)
	at org.openqa.selenium.remote.service.DriverCommandExecutor.invokeExecute(DriverCommandExecutor.java:216)
	at org.openqa.selenium.remote.service.DriverCommandExecutor.execute(DriverCommandExecutor.java:174)
	at org.openqa.selenium.remote.RemoteWebDriver.execute(RemoteWebDriver.java:518)
	at org.openqa.selenium.remote.ElementLocation$ElementFinder$2.findElement(ElementLocation.java:165)
	at org.openqa.selenium.remote.ElementLocation.findElement(ElementLocation.java:66)
	at org.openqa.selenium.remote.RemoteWebDriver.findElement(RemoteWebDriver.java:355)
	at org.openqa.selenium.remote.RemoteWebDriver.findElement(RemoteWebDriver.java:349)
	at org.openqa.selenium.support.pagefactory.DefaultElementLocator.findElement(DefaultElementLocator.java:68)
	at org.openqa.selenium.support.pagefactory.internal.LocatingElementHandler.invoke(LocatingElementHandler.java:38)
	at jdk.proxy2/jdk.proxy2.$Proxy13.sendKeys(Unknown Source)
	at E_Commerce.Project_1.TC_1_Amazon_Registration_Page.customer_name(TC_1_Amazon_Registration_Page.java:29)
	at E_Commerce.Project_1.Test_Case_1.registration(Test_Case_1.java:26)
	at java.base/java.util.ArrayList.forEach(ArrayList.java:1511)
	at java.base/java.util.concurrent.FutureTask.run(FutureTask.java:264)
	at java.base/java.util.concurrent.ThreadPoolExecutor.runWorker(ThreadPoolExecutor.java:1136)
	at java.base/java.util.concurrent.ThreadPoolExecutor$Worker.run(ThreadPoolExecutor.java:635)
	at java.base/java.lang.Thread.run(Thread.java:840)
... Removed 23 stack frames
</div> <!-- stack-trace -->
                </div> <!-- method-content -->
              </div> <!-- method -->
              <div class="method">
                <div class="method-content">
                  <a name="registration">
                  </a> <!-- registration -->
                  <span class="method-name">registration</span>
                  <div class="stack-trace">java.lang.AssertionError: registered successfully expected [Authentication required] but found [Amazon Registration]
	at E_Commerce.Project_1.Test_Case_1.registration(Test_Case_1.java:30)
	at java.base/java.util.ArrayList.forEach(ArrayList.java:1511)
	at java.base/java.util.concurrent.FutureTask.run(FutureTask.java:264)
	at java.base/java.util.concurrent.ThreadPoolExecutor.runWorker(ThreadPoolExecutor.java:1136)
	at java.base/java.util.concurrent.ThreadPoolExecutor$Worker.run(ThreadPoolExecutor.java:635)
	at java.base/java.lang.Thread.run(Thread.java:840)
... Removed 23 stack frames
</div> <!-- stack-trace -->
                </div> <!-- method-content -->
              </div> <!-- method -->
            </div> <!-- main-panel-content rounded-window-bottom -->
          </div> <!-- suite-Suite-class-failed -->
          <div class="suite-Suite-class-failed">
            <div class="main-panel-header rounded-window-top">
              <img src="failed.png"/>
              <span class="class-name">E_Commerce.Project_1.Test_Case_8</span>
            </div> <!-- main-panel-header rounded-window-top -->
            <div class="main-panel-content rounded-window-bottom">
              <div class="method">
                <div class="method-content">
                  <a name="product_sorted_by_price">
                  </a> <!-- product_sorted_by_price -->
                  <span class="method-name">product_sorted_by_price</span>
                  <div class="stack-trace">org.openqa.selenium.StaleElementReferenceException: stale element reference: stale element not found in the current frame
  (Session info: chrome=126.0.6478.127)
For documentation on this error, please visit: https://www.selenium.dev/documentation/webdriver/troubleshooting/errors#stale-element-reference-exception
Build info: version: &apos;4.21.0&apos;, revision: &apos;79ed462ef4&apos;
System info: os.name: &apos;Windows 10&apos;, os.arch: &apos;amd64&apos;, os.version: &apos;10.0&apos;, java.version: &apos;17.0.9&apos;
Driver info: org.openqa.selenium.chrome.ChromeDriver
Command: [d99b442652e9b2c675a421d1b6267024, clickElement {id=f.13E4D65E6E3D52FF9D97917A6105AFE2.d.E02FF7B77CE95EBC37130CD7BFD2CC97.e.637}]
Capabilities {acceptInsecureCerts: false, browserName: chrome, browserVersion: 126.0.6478.127, chrome: {chromedriverVersion: 126.0.6478.182 (5b5d8292ddf..., userDataDir: C:\Users\HP12D5~1\AppData\L...}, fedcm:accounts: true, goog:chromeOptions: {debuggerAddress: localhost:65024}, networkConnectionEnabled: false, pageLoadStrategy: normal, platformName: windows, proxy: Proxy(), se:cdp: ws://localhost:65024/devtoo..., se:cdpVersion: 126.0.6478.127, setWindowRect: true, strictFileInteractability: false, timeouts: {implicit: 0, pageLoad: 300000, script: 30000}, unhandledPromptBehavior: dismiss and notify, webauthn:extension:credBlob: true, webauthn:extension:largeBlob: true, webauthn:extension:minPinLength: true, webauthn:extension:prf: true, webauthn:virtualAuthenticators: true}
Element: [[[[ChromeDriver: chrome on windows (d99b442652e9b2c675a421d1b6267024)] -&gt; xpath: //select[@class=&apos;a-native-dropdown a-declarative&apos;]]] -&gt; xpath: .//option[normalize-space(.) = &quot;Price: Low to High&quot;]]
Session ID: d99b442652e9b2c675a421d1b6267024
	at org.openqa.selenium.remote.ErrorCodec.decode(ErrorCodec.java:167)
	at org.openqa.selenium.remote.codec.w3c.W3CHttpResponseCodec.decode(W3CHttpResponseCodec.java:138)
	at org.openqa.selenium.remote.codec.w3c.W3CHttpResponseCodec.decode(W3CHttpResponseCodec.java:50)
	at org.openqa.selenium.remote.HttpCommandExecutor.execute(HttpCommandExecutor.java:190)
	at org.openqa.selenium.remote.service.DriverCommandExecutor.invokeExecute(DriverCommandExecutor.java:216)
	at org.openqa.selenium.remote.service.DriverCommandExecutor.execute(DriverCommandExecutor.java:174)
	at org.openqa.selenium.remote.RemoteWebDriver.execute(RemoteWebDriver.java:518)
	at org.openqa.selenium.remote.RemoteWebElement.execute(RemoteWebElement.java:223)
	at org.openqa.selenium.remote.RemoteWebElement.click(RemoteWebElement.java:76)
	at org.openqa.selenium.support.ui.Select.setSelected(Select.java:315)
	at org.openqa.selenium.support.ui.Select.selectByVisibleText(Select.java:119)
	at E_Commerce.Project_1.TC_8_Amazon_Product_Sorted_Price.product_sorted_by_price(TC_8_Amazon_Product_Sorted_Price.java:21)
	at E_Commerce.Project_1.Test_Case_8.product_sorted_by_price(Test_Case_8.java:20)
	at java.base/java.util.ArrayList.forEach(ArrayList.java:1511)
	at java.base/java.util.concurrent.FutureTask.run(FutureTask.java:264)
	at java.base/java.util.concurrent.ThreadPoolExecutor.runWorker(ThreadPoolExecutor.java:1136)
	at java.base/java.util.concurrent.ThreadPoolExecutor$Worker.run(ThreadPoolExecutor.java:635)
	at java.base/java.lang.Thread.run(Thread.java:840)
... Removed 23 stack frames
</div> <!-- stack-trace -->
                </div> <!-- method-content -->
              </div> <!-- method -->
            </div> <!-- main-panel-content rounded-window-bottom -->
          </div> <!-- suite-Suite-class-failed -->
          <div class="suite-Suite-class-failed">
            <div class="main-panel-header rounded-window-top">
              <img src="failed.png"/>
              <span class="class-name">E_Commerce.Project_1.Test_Case_4</span>
            </div> <!-- main-panel-header rounded-window-top -->
            <div class="main-panel-content rounded-window-bottom">
              <div class="method">
                <div class="method-content">
                  <a name="edit_profile">
                  </a> <!-- edit_profile -->
                  <span class="method-name">edit_profile</span>
                  <div class="stack-trace">org.openqa.selenium.ElementNotInteractableException: element not interactable
  (Session info: chrome=126.0.6478.127)
Build info: version: &apos;4.21.0&apos;, revision: &apos;79ed462ef4&apos;
System info: os.name: &apos;Windows 10&apos;, os.arch: &apos;amd64&apos;, os.version: &apos;10.0&apos;, java.version: &apos;17.0.9&apos;
Driver info: org.openqa.selenium.chrome.ChromeDriver
Command: [eb34bc8901aa9cdfc07ec7e4f4cd6373, clickElement {id=f.B1B7FB9FF81516259516676BFD0709DD.d.D8092E0071DE1FF8F2A7258260909A00.e.298}]
Capabilities {acceptInsecureCerts: false, browserName: chrome, browserVersion: 126.0.6478.127, chrome: {chromedriverVersion: 126.0.6478.182 (5b5d8292ddf..., userDataDir: C:\Users\HP12D5~1\AppData\L...}, fedcm:accounts: true, goog:chromeOptions: {debuggerAddress: localhost:62757}, networkConnectionEnabled: false, pageLoadStrategy: normal, platformName: windows, proxy: Proxy(), se:cdp: ws://localhost:62757/devtoo..., se:cdpVersion: 126.0.6478.127, setWindowRect: true, strictFileInteractability: false, timeouts: {implicit: 0, pageLoad: 300000, script: 30000}, unhandledPromptBehavior: dismiss and notify, webauthn:extension:credBlob: true, webauthn:extension:largeBlob: true, webauthn:extension:minPinLength: true, webauthn:extension:prf: true, webauthn:virtualAuthenticators: true}
Element: [[ChromeDriver: chrome on windows (eb34bc8901aa9cdfc07ec7e4f4cd6373)] -&gt; xpath: (//a[@class=&apos;a-button-text&apos;])[12]]
Session ID: eb34bc8901aa9cdfc07ec7e4f4cd6373
	at org.openqa.selenium.remote.ErrorCodec.decode(ErrorCodec.java:167)
	at org.openqa.selenium.remote.codec.w3c.W3CHttpResponseCodec.decode(W3CHttpResponseCodec.java:138)
	at org.openqa.selenium.remote.codec.w3c.W3CHttpResponseCodec.decode(W3CHttpResponseCodec.java:50)
	at org.openqa.selenium.remote.HttpCommandExecutor.execute(HttpCommandExecutor.java:190)
	at org.openqa.selenium.remote.service.DriverCommandExecutor.invokeExecute(DriverCommandExecutor.java:216)
	at org.openqa.selenium.remote.service.DriverCommandExecutor.execute(DriverCommandExecutor.java:174)
	at org.openqa.selenium.remote.RemoteWebDriver.execute(RemoteWebDriver.java:518)
	at org.openqa.selenium.remote.RemoteWebElement.execute(RemoteWebElement.java:223)
	at org.openqa.selenium.remote.RemoteWebElement.click(RemoteWebElement.java:76)
	at org.openqa.selenium.support.pagefactory.internal.LocatingElementHandler.invoke(LocatingElementHandler.java:51)
	at jdk.proxy2/jdk.proxy2.$Proxy13.click(Unknown Source)
	at E_Commerce.Project_1.TC_4_Amazon_Profile_Edit.edit_name(TC_4_Amazon_Profile_Edit.java:24)
	at E_Commerce.Project_1.Test_Case_4.edit_profile(Test_Case_4.java:40)
	at java.base/java.util.ArrayList.forEach(ArrayList.java:1511)
	at java.base/java.util.concurrent.FutureTask.run(FutureTask.java:264)
	at java.base/java.util.concurrent.ThreadPoolExecutor.runWorker(ThreadPoolExecutor.java:1136)
	at java.base/java.util.concurrent.ThreadPoolExecutor$Worker.run(ThreadPoolExecutor.java:635)
	at java.base/java.lang.Thread.run(Thread.java:840)
... Removed 27 stack frames
</div> <!-- stack-trace -->
                </div> <!-- method-content -->
              </div> <!-- method -->
              <div class="method">
                <div class="method-content">
                  <a name="edit_profile">
                  </a> <!-- edit_profile -->
                  <span class="method-name">edit_profile</span>
                  <div class="stack-trace">org.openqa.selenium.NoSuchElementException: no such element: Unable to locate element: {&quot;method&quot;:&quot;css selector&quot;,&quot;selector&quot;:&quot;#input\-box\-otp&quot;}
  (Session info: MicrosoftEdge=126.0.2592.102)
For documentation on this error, please visit: https://www.selenium.dev/documentation/webdriver/troubleshooting/errors#no-such-element-exception
Build info: version: &apos;4.21.0&apos;, revision: &apos;79ed462ef4&apos;
System info: os.name: &apos;Windows 10&apos;, os.arch: &apos;amd64&apos;, os.version: &apos;10.0&apos;, java.version: &apos;17.0.9&apos;
Driver info: org.openqa.selenium.edge.EdgeDriver
Command: [4dbf5c1c1c9fb3e82c582ba8328dcdfa, findElement {using=id, value=input-box-otp}]
Capabilities {acceptInsecureCerts: false, browserName: MicrosoftEdge, browserVersion: 126.0.2592.102, fedcm:accounts: true, ms:edgeOptions: {debuggerAddress: localhost:62753}, msedge: {msedgedriverVersion: 126.0.2592.102 (720b5d614be..., userDataDir: C:\Users\HP12D5~1\AppData\L...}, networkConnectionEnabled: false, pageLoadStrategy: normal, platformName: windows, proxy: Proxy(), se:cdp: ws://localhost:62753/devtoo..., se:cdpVersion: 126.0.2592.102, setWindowRect: true, strictFileInteractability: false, timeouts: {implicit: 0, pageLoad: 300000, script: 30000}, unhandledPromptBehavior: dismiss and notify, webauthn:extension:credBlob: true, webauthn:extension:largeBlob: true, webauthn:extension:minPinLength: true, webauthn:extension:prf: true, webauthn:virtualAuthenticators: true}
Session ID: 4dbf5c1c1c9fb3e82c582ba8328dcdfa
	at org.openqa.selenium.remote.ErrorCodec.decode(ErrorCodec.java:167)
	at org.openqa.selenium.remote.codec.w3c.W3CHttpResponseCodec.decode(W3CHttpResponseCodec.java:138)
	at org.openqa.selenium.remote.codec.w3c.W3CHttpResponseCodec.decode(W3CHttpResponseCodec.java:50)
	at org.openqa.selenium.remote.HttpCommandExecutor.execute(HttpCommandExecutor.java:190)
	at org.openqa.selenium.remote.service.DriverCommandExecutor.invokeExecute(DriverCommandExecutor.java:216)
	at org.openqa.selenium.remote.service.DriverCommandExecutor.execute(DriverCommandExecutor.java:174)
	at org.openqa.selenium.remote.RemoteWebDriver.execute(RemoteWebDriver.java:518)
	at org.openqa.selenium.remote.ElementLocation$ElementFinder$2.findElement(ElementLocation.java:165)
	at org.openqa.selenium.remote.ElementLocation.findElement(ElementLocation.java:59)
	at org.openqa.selenium.remote.RemoteWebDriver.findElement(RemoteWebDriver.java:355)
	at org.openqa.selenium.remote.RemoteWebDriver.findElement(RemoteWebDriver.java:349)
	at E_Commerce.Project_1.Test_Case_4.edit_profile(Test_Case_4.java:35)
	at java.base/java.util.ArrayList.forEach(ArrayList.java:1511)
	at java.base/java.util.concurrent.FutureTask.run(FutureTask.java:264)
	at java.base/java.util.concurrent.ThreadPoolExecutor.runWorker(ThreadPoolExecutor.java:1136)
	at java.base/java.util.concurrent.ThreadPoolExecutor$Worker.run(ThreadPoolExecutor.java:635)
	at java.base/java.lang.Thread.run(Thread.java:840)
... Removed 23 stack frames
</div> <!-- stack-trace -->
                </div> <!-- method-content -->
              </div> <!-- method -->
            </div> <!-- main-panel-content rounded-window-bottom -->
          </div> <!-- suite-Suite-class-failed -->
          <div class="suite-Suite-class-failed">
            <div class="main-panel-header rounded-window-top">
              <img src="failed.png"/>
              <span class="class-name">E_Commerce.Project_1.Test_Case_14</span>
            </div> <!-- main-panel-header rounded-window-top -->
            <div class="main-panel-content rounded-window-bottom">
              <div class="method">
                <div class="method-content">
                  <a name="give_rating_on_last_order">
                  </a> <!-- give_rating_on_last_order -->
                  <span class="method-name">give_rating_on_last_order</span>
                  <div class="stack-trace">org.openqa.selenium.NoSuchElementException: no such element: Unable to locate element: {&quot;method&quot;:&quot;css selector&quot;,&quot;selector&quot;:&quot;#rme\-happy\-feedback\-link&quot;}
  (Session info: chrome=126.0.6478.127)
For documentation on this error, please visit: https://www.selenium.dev/documentation/webdriver/troubleshooting/errors#no-such-element-exception
Build info: version: &apos;4.21.0&apos;, revision: &apos;79ed462ef4&apos;
System info: os.name: &apos;Windows 10&apos;, os.arch: &apos;amd64&apos;, os.version: &apos;10.0&apos;, java.version: &apos;17.0.9&apos;
Driver info: org.openqa.selenium.chrome.ChromeDriver
Command: [edb29593b84a5be53b77610c693c555e, findElement {using=id, value=rme-happy-feedback-link}]
Capabilities {acceptInsecureCerts: false, browserName: chrome, browserVersion: 126.0.6478.127, chrome: {chromedriverVersion: 126.0.6478.182 (5b5d8292ddf..., userDataDir: C:\Users\HP12D5~1\AppData\L...}, fedcm:accounts: true, goog:chromeOptions: {debuggerAddress: localhost:54529}, networkConnectionEnabled: false, pageLoadStrategy: normal, platformName: windows, proxy: Proxy(), se:cdp: ws://localhost:54529/devtoo..., se:cdpVersion: 126.0.6478.127, setWindowRect: true, strictFileInteractability: false, timeouts: {implicit: 0, pageLoad: 300000, script: 30000}, unhandledPromptBehavior: dismiss and notify, webauthn:extension:credBlob: true, webauthn:extension:largeBlob: true, webauthn:extension:minPinLength: true, webauthn:extension:prf: true, webauthn:virtualAuthenticators: true}
Session ID: edb29593b84a5be53b77610c693c555e
	at org.openqa.selenium.remote.ErrorCodec.decode(ErrorCodec.java:167)
	at org.openqa.selenium.remote.codec.w3c.W3CHttpResponseCodec.decode(W3CHttpResponseCodec.java:138)
	at org.openqa.selenium.remote.codec.w3c.W3CHttpResponseCodec.decode(W3CHttpResponseCodec.java:50)
	at org.openqa.selenium.remote.HttpCommandExecutor.execute(HttpCommandExecutor.java:190)
	at org.openqa.selenium.remote.service.DriverCommandExecutor.invokeExecute(DriverCommandExecutor.java:216)
	at org.openqa.selenium.remote.service.DriverCommandExecutor.execute(DriverCommandExecutor.java:174)
	at org.openqa.selenium.remote.RemoteWebDriver.execute(RemoteWebDriver.java:518)
	at org.openqa.selenium.remote.ElementLocation$ElementFinder$2.findElement(ElementLocation.java:165)
	at org.openqa.selenium.remote.ElementLocation.findElement(ElementLocation.java:59)
	at org.openqa.selenium.remote.RemoteWebDriver.findElement(RemoteWebDriver.java:355)
	at org.openqa.selenium.remote.RemoteWebDriver.findElement(RemoteWebDriver.java:349)
	at org.openqa.selenium.support.pagefactory.DefaultElementLocator.findElement(DefaultElementLocator.java:68)
	at org.openqa.selenium.support.pagefactory.internal.LocatingElementHandler.invoke(LocatingElementHandler.java:38)
	at jdk.proxy2/jdk.proxy2.$Proxy13.click(Unknown Source)
	at E_Commerce.Project_1.TC_14_Amazon_Click_Last_Ordered_Product_Give_Rating.smily_face_click(TC_14_Amazon_Click_Last_Ordered_Product_Give_Rating.java:27)
	at E_Commerce.Project_1.Test_Case_14.give_rating_on_last_order(Test_Case_14.java:43)
	at java.base/java.util.ArrayList.forEach(ArrayList.java:1511)
	at java.base/java.util.concurrent.FutureTask.run(FutureTask.java:264)
	at java.base/java.util.concurrent.ThreadPoolExecutor.runWorker(ThreadPoolExecutor.java:1136)
	at java.base/java.util.concurrent.ThreadPoolExecutor$Worker.run(ThreadPoolExecutor.java:635)
	at java.base/java.lang.Thread.run(Thread.java:840)
... Removed 23 stack frames
</div> <!-- stack-trace -->
                </div> <!-- method-content -->
              </div> <!-- method -->
              <div class="method">
                <div class="method-content">
                  <a name="give_rating_on_last_order">
                  </a> <!-- give_rating_on_last_order -->
                  <span class="method-name">give_rating_on_last_order</span>
                  <div class="stack-trace">org.openqa.selenium.NoSuchElementException: no such element: Unable to locate element: {&quot;method&quot;:&quot;css selector&quot;,&quot;selector&quot;:&quot;#rme\-happy\-feedback\-link&quot;}
  (Session info: MicrosoftEdge=126.0.2592.102)
For documentation on this error, please visit: https://www.selenium.dev/documentation/webdriver/troubleshooting/errors#no-such-element-exception
Build info: version: &apos;4.21.0&apos;, revision: &apos;79ed462ef4&apos;
System info: os.name: &apos;Windows 10&apos;, os.arch: &apos;amd64&apos;, os.version: &apos;10.0&apos;, java.version: &apos;17.0.9&apos;
Driver info: org.openqa.selenium.edge.EdgeDriver
Command: [c26681e31bbe6c440d114b23876dd7f3, findElement {using=id, value=rme-happy-feedback-link}]
Capabilities {acceptInsecureCerts: false, browserName: MicrosoftEdge, browserVersion: 126.0.2592.102, fedcm:accounts: true, ms:edgeOptions: {debuggerAddress: localhost:54734}, msedge: {msedgedriverVersion: 126.0.2592.102 (720b5d614be..., userDataDir: C:\Users\HP12D5~1\AppData\L...}, networkConnectionEnabled: false, pageLoadStrategy: normal, platformName: windows, proxy: Proxy(), se:cdp: ws://localhost:54734/devtoo..., se:cdpVersion: 126.0.2592.102, setWindowRect: true, strictFileInteractability: false, timeouts: {implicit: 0, pageLoad: 300000, script: 30000}, unhandledPromptBehavior: dismiss and notify, webauthn:extension:credBlob: true, webauthn:extension:largeBlob: true, webauthn:extension:minPinLength: true, webauthn:extension:prf: true, webauthn:virtualAuthenticators: true}
Session ID: c26681e31bbe6c440d114b23876dd7f3
	at org.openqa.selenium.remote.ErrorCodec.decode(ErrorCodec.java:167)
	at org.openqa.selenium.remote.codec.w3c.W3CHttpResponseCodec.decode(W3CHttpResponseCodec.java:138)
	at org.openqa.selenium.remote.codec.w3c.W3CHttpResponseCodec.decode(W3CHttpResponseCodec.java:50)
	at org.openqa.selenium.remote.HttpCommandExecutor.execute(HttpCommandExecutor.java:190)
	at org.openqa.selenium.remote.service.DriverCommandExecutor.invokeExecute(DriverCommandExecutor.java:216)
	at org.openqa.selenium.remote.service.DriverCommandExecutor.execute(DriverCommandExecutor.java:174)
	at org.openqa.selenium.remote.RemoteWebDriver.execute(RemoteWebDriver.java:518)
	at org.openqa.selenium.remote.ElementLocation$ElementFinder$2.findElement(ElementLocation.java:165)
	at org.openqa.selenium.remote.ElementLocation.findElement(ElementLocation.java:59)
	at org.openqa.selenium.remote.RemoteWebDriver.findElement(RemoteWebDriver.java:355)
	at org.openqa.selenium.remote.RemoteWebDriver.findElement(RemoteWebDriver.java:349)
	at org.openqa.selenium.support.pagefactory.DefaultElementLocator.findElement(DefaultElementLocator.java:68)
	at org.openqa.selenium.support.pagefactory.internal.LocatingElementHandler.invoke(LocatingElementHandler.java:38)
	at jdk.proxy2/jdk.proxy2.$Proxy13.click(Unknown Source)
	at E_Commerce.Project_1.TC_14_Amazon_Click_Last_Ordered_Product_Give_Rating.smily_face_click(TC_14_Amazon_Click_Last_Ordered_Product_Give_Rating.java:27)
	at E_Commerce.Project_1.Test_Case_14.give_rating_on_last_order(Test_Case_14.java:43)
	at java.base/java.util.ArrayList.forEach(ArrayList.java:1511)
	at java.base/java.util.concurrent.FutureTask.run(FutureTask.java:264)
	at java.base/java.util.concurrent.ThreadPoolExecutor.runWorker(ThreadPoolExecutor.java:1136)
	at java.base/java.util.concurrent.ThreadPoolExecutor$Worker.run(ThreadPoolExecutor.java:635)
	at java.base/java.lang.Thread.run(Thread.java:840)
... Removed 23 stack frames
</div> <!-- stack-trace -->
                </div> <!-- method-content -->
              </div> <!-- method -->
            </div> <!-- main-panel-content rounded-window-bottom -->
          </div> <!-- suite-Suite-class-failed -->
          <div class="suite-Suite-class-failed">
            <div class="main-panel-header rounded-window-top">
              <img src="failed.png"/>
              <span class="class-name">E_Commerce.Project_1.Test_Case_13</span>
            </div> <!-- main-panel-header rounded-window-top -->
            <div class="main-panel-content rounded-window-bottom">
              <div class="method">
                <div class="method-content">
                  <a name="apply_coupon_code">
                  </a> <!-- apply_coupon_code -->
                  <span class="method-name">apply_coupon_code</span>
                  <div class="stack-trace">org.openqa.selenium.NoSuchElementException: no such element: Unable to locate element: {&quot;method&quot;:&quot;xpath&quot;,&quot;selector&quot;:&quot;(//input[@name=&apos;submissionURL&apos;])[4]&quot;}
  (Session info: chrome=126.0.6478.127)
For documentation on this error, please visit: https://www.selenium.dev/documentation/webdriver/troubleshooting/errors#no-such-element-exception
Build info: version: &apos;4.21.0&apos;, revision: &apos;79ed462ef4&apos;
System info: os.name: &apos;Windows 10&apos;, os.arch: &apos;amd64&apos;, os.version: &apos;10.0&apos;, java.version: &apos;17.0.9&apos;
Driver info: org.openqa.selenium.chrome.ChromeDriver
Command: [9e22221bc08aa7b61b14a22cabe5ac1a, findElement {using=xpath, value=(//input[@name=&apos;submissionURL&apos;])[4]}]
Capabilities {acceptInsecureCerts: false, browserName: chrome, browserVersion: 126.0.6478.127, chrome: {chromedriverVersion: 126.0.6478.182 (5b5d8292ddf..., userDataDir: C:\Users\HP12D5~1\AppData\L...}, fedcm:accounts: true, goog:chromeOptions: {debuggerAddress: localhost:53583}, networkConnectionEnabled: false, pageLoadStrategy: normal, platformName: windows, proxy: Proxy(), se:cdp: ws://localhost:53583/devtoo..., se:cdpVersion: 126.0.6478.127, setWindowRect: true, strictFileInteractability: false, timeouts: {implicit: 0, pageLoad: 300000, script: 30000}, unhandledPromptBehavior: dismiss and notify, webauthn:extension:credBlob: true, webauthn:extension:largeBlob: true, webauthn:extension:minPinLength: true, webauthn:extension:prf: true, webauthn:virtualAuthenticators: true}
Session ID: 9e22221bc08aa7b61b14a22cabe5ac1a
	at org.openqa.selenium.remote.ErrorCodec.decode(ErrorCodec.java:167)
	at org.openqa.selenium.remote.codec.w3c.W3CHttpResponseCodec.decode(W3CHttpResponseCodec.java:138)
	at org.openqa.selenium.remote.codec.w3c.W3CHttpResponseCodec.decode(W3CHttpResponseCodec.java:50)
	at org.openqa.selenium.remote.HttpCommandExecutor.execute(HttpCommandExecutor.java:190)
	at org.openqa.selenium.remote.service.DriverCommandExecutor.invokeExecute(DriverCommandExecutor.java:216)
	at org.openqa.selenium.remote.service.DriverCommandExecutor.execute(DriverCommandExecutor.java:174)
	at org.openqa.selenium.remote.RemoteWebDriver.execute(RemoteWebDriver.java:518)
	at org.openqa.selenium.remote.ElementLocation$ElementFinder$2.findElement(ElementLocation.java:165)
	at org.openqa.selenium.remote.ElementLocation.findElement(ElementLocation.java:59)
	at org.openqa.selenium.remote.RemoteWebDriver.findElement(RemoteWebDriver.java:355)
	at org.openqa.selenium.remote.RemoteWebDriver.findElement(RemoteWebDriver.java:349)
	at org.openqa.selenium.support.pagefactory.DefaultElementLocator.findElement(DefaultElementLocator.java:68)
	at org.openqa.selenium.support.pagefactory.internal.LocatingElementHandler.invoke(LocatingElementHandler.java:38)
	at jdk.proxy2/jdk.proxy2.$Proxy13.click(Unknown Source)
	at E_Commerce.Project_1.TC_11_Amazon_Checkout_Address_Payment_Selection.select_address_radio_button(TC_11_Amazon_Checkout_Address_Payment_Selection.java:30)
	at E_Commerce.Project_1.Test_Case_13.apply_coupon_code(Test_Case_13.java:51)
	at java.base/java.util.ArrayList.forEach(ArrayList.java:1511)
	at java.base/java.util.concurrent.FutureTask.run(FutureTask.java:264)
	at java.base/java.util.concurrent.ThreadPoolExecutor.runWorker(ThreadPoolExecutor.java:1136)
	at java.base/java.util.concurrent.ThreadPoolExecutor$Worker.run(ThreadPoolExecutor.java:635)
	at java.base/java.lang.Thread.run(Thread.java:840)
... Removed 23 stack frames
</div> <!-- stack-trace -->
                </div> <!-- method-content -->
              </div> <!-- method -->
              <div class="method">
                <div class="method-content">
                  <a name="apply_coupon_code">
                  </a> <!-- apply_coupon_code -->
                  <span class="method-name">apply_coupon_code</span>
                  <div class="stack-trace">org.openqa.selenium.StaleElementReferenceException: stale element reference: stale element not found
  (Session info: MicrosoftEdge=126.0.2592.102)
For documentation on this error, please visit: https://www.selenium.dev/documentation/webdriver/troubleshooting/errors#stale-element-reference-exception
Build info: version: &apos;4.21.0&apos;, revision: &apos;79ed462ef4&apos;
System info: os.name: &apos;Windows 10&apos;, os.arch: &apos;amd64&apos;, os.version: &apos;10.0&apos;, java.version: &apos;17.0.9&apos;
Driver info: org.openqa.selenium.edge.EdgeDriver
Command: [eaca938f26044e4e8f843429c81fbe07, sendKeysToElement {id=f.7929B6D0CF2ECE8F11A2FC03851FAAAE.d.82B73AA8A60F3E57916A33150B340DF5.e.122, value=[Ljava.lang.CharSequence;@6e1e43ee}]
Capabilities {acceptInsecureCerts: false, browserName: MicrosoftEdge, browserVersion: 126.0.2592.102, fedcm:accounts: true, ms:edgeOptions: {debuggerAddress: localhost:53423}, msedge: {msedgedriverVersion: 126.0.2592.102 (720b5d614be..., userDataDir: C:\Users\HP12D5~1\AppData\L...}, networkConnectionEnabled: false, pageLoadStrategy: normal, platformName: windows, proxy: Proxy(), se:cdp: ws://localhost:53423/devtoo..., se:cdpVersion: 126.0.2592.102, setWindowRect: true, strictFileInteractability: false, timeouts: {implicit: 0, pageLoad: 300000, script: 30000}, unhandledPromptBehavior: dismiss and notify, webauthn:extension:credBlob: true, webauthn:extension:largeBlob: true, webauthn:extension:minPinLength: true, webauthn:extension:prf: true, webauthn:virtualAuthenticators: true}
Element: [[EdgeDriver: MicrosoftEdge on windows (eaca938f26044e4e8f843429c81fbe07)] -&gt; name: password]
Session ID: eaca938f26044e4e8f843429c81fbe07
	at org.openqa.selenium.remote.ErrorCodec.decode(ErrorCodec.java:167)
	at org.openqa.selenium.remote.codec.w3c.W3CHttpResponseCodec.decode(W3CHttpResponseCodec.java:138)
	at org.openqa.selenium.remote.codec.w3c.W3CHttpResponseCodec.decode(W3CHttpResponseCodec.java:50)
	at org.openqa.selenium.remote.HttpCommandExecutor.execute(HttpCommandExecutor.java:190)
	at org.openqa.selenium.remote.service.DriverCommandExecutor.invokeExecute(DriverCommandExecutor.java:216)
	at org.openqa.selenium.remote.service.DriverCommandExecutor.execute(DriverCommandExecutor.java:174)
	at org.openqa.selenium.remote.RemoteWebDriver.execute(RemoteWebDriver.java:518)
	at org.openqa.selenium.remote.RemoteWebElement.execute(RemoteWebElement.java:223)
	at org.openqa.selenium.remote.RemoteWebElement.sendKeys(RemoteWebElement.java:110)
	at org.openqa.selenium.support.pagefactory.internal.LocatingElementHandler.invoke(LocatingElementHandler.java:51)
	at jdk.proxy2/jdk.proxy2.$Proxy13.sendKeys(Unknown Source)
	at E_Commerce.Project_1.TC_2_Amazon_Valid_Login_Page.password(TC_2_Amazon_Valid_Login_Page.java:39)
	at E_Commerce.Project_1.Test_Case_13.apply_coupon_code(Test_Case_13.java:49)
	at java.base/java.util.ArrayList.forEach(ArrayList.java:1511)
	at java.base/java.util.concurrent.FutureTask.run(FutureTask.java:264)
	at java.base/java.util.concurrent.ThreadPoolExecutor.runWorker(ThreadPoolExecutor.java:1136)
	at java.base/java.util.concurrent.ThreadPoolExecutor$Worker.run(ThreadPoolExecutor.java:635)
	at java.base/java.lang.Thread.run(Thread.java:840)
... Removed 26 stack frames
</div> <!-- stack-trace -->
                </div> <!-- method-content -->
              </div> <!-- method -->
            </div> <!-- main-panel-content rounded-window-bottom -->
          </div> <!-- suite-Suite-class-failed -->
          <div class="suite-Suite-class-failed">
            <div class="main-panel-header rounded-window-top">
              <img src="failed.png"/>
              <span class="class-name">E_Commerce.Project_1.Test_Case_12</span>
            </div> <!-- main-panel-header rounded-window-top -->
            <div class="main-panel-content rounded-window-bottom">
              <div class="method">
                <div class="method-content">
                  <a name="select_payment_method">
                  </a> <!-- select_payment_method -->
                  <span class="method-name">select_payment_method</span>
                  <div class="stack-trace">org.openqa.selenium.StaleElementReferenceException: stale element reference: stale element not found
  (Session info: chrome=126.0.6478.127)
For documentation on this error, please visit: https://www.selenium.dev/documentation/webdriver/troubleshooting/errors#stale-element-reference-exception
Build info: version: &apos;4.21.0&apos;, revision: &apos;79ed462ef4&apos;
System info: os.name: &apos;Windows 10&apos;, os.arch: &apos;amd64&apos;, os.version: &apos;10.0&apos;, java.version: &apos;17.0.9&apos;
Driver info: org.openqa.selenium.chrome.ChromeDriver
Command: [00be7accba977d1eb93157c23e19bd49, sendKeysToElement {id=f.EBCCBB93379D16C19952ACEDB9DAE88F.d.5FB5B3931C618E09D7A16D2B026027F3.e.270, value=[Ljava.lang.CharSequence;@1651a9c3}]
Capabilities {acceptInsecureCerts: false, browserName: chrome, browserVersion: 126.0.6478.127, chrome: {chromedriverVersion: 126.0.6478.182 (5b5d8292ddf..., userDataDir: C:\Users\HP12D5~1\AppData\L...}, fedcm:accounts: true, goog:chromeOptions: {debuggerAddress: localhost:52484}, networkConnectionEnabled: false, pageLoadStrategy: normal, platformName: windows, proxy: Proxy(), se:cdp: ws://localhost:52484/devtoo..., se:cdpVersion: 126.0.6478.127, setWindowRect: true, strictFileInteractability: false, timeouts: {implicit: 0, pageLoad: 300000, script: 30000}, unhandledPromptBehavior: dismiss and notify, webauthn:extension:credBlob: true, webauthn:extension:largeBlob: true, webauthn:extension:minPinLength: true, webauthn:extension:prf: true, webauthn:virtualAuthenticators: true}
Element: [[ChromeDriver: chrome on windows (00be7accba977d1eb93157c23e19bd49)] -&gt; name: password]
Session ID: 00be7accba977d1eb93157c23e19bd49
	at org.openqa.selenium.remote.ErrorCodec.decode(ErrorCodec.java:167)
	at org.openqa.selenium.remote.codec.w3c.W3CHttpResponseCodec.decode(W3CHttpResponseCodec.java:138)
	at org.openqa.selenium.remote.codec.w3c.W3CHttpResponseCodec.decode(W3CHttpResponseCodec.java:50)
	at org.openqa.selenium.remote.HttpCommandExecutor.execute(HttpCommandExecutor.java:190)
	at org.openqa.selenium.remote.service.DriverCommandExecutor.invokeExecute(DriverCommandExecutor.java:216)
	at org.openqa.selenium.remote.service.DriverCommandExecutor.execute(DriverCommandExecutor.java:174)
	at org.openqa.selenium.remote.RemoteWebDriver.execute(RemoteWebDriver.java:518)
	at org.openqa.selenium.remote.RemoteWebElement.execute(RemoteWebElement.java:223)
	at org.openqa.selenium.remote.RemoteWebElement.sendKeys(RemoteWebElement.java:110)
	at org.openqa.selenium.support.pagefactory.internal.LocatingElementHandler.invoke(LocatingElementHandler.java:51)
	at jdk.proxy2/jdk.proxy2.$Proxy13.sendKeys(Unknown Source)
	at E_Commerce.Project_1.TC_2_Amazon_Valid_Login_Page.password(TC_2_Amazon_Valid_Login_Page.java:39)
	at E_Commerce.Project_1.Test_Case_12.select_payment_method(Test_Case_12.java:49)
	at java.base/java.util.ArrayList.forEach(ArrayList.java:1511)
	at java.base/java.util.concurrent.FutureTask.run(FutureTask.java:264)
	at java.base/java.util.concurrent.ThreadPoolExecutor.runWorker(ThreadPoolExecutor.java:1136)
	at java.base/java.util.concurrent.ThreadPoolExecutor$Worker.run(ThreadPoolExecutor.java:635)
	at java.base/java.lang.Thread.run(Thread.java:840)
... Removed 26 stack frames
</div> <!-- stack-trace -->
                </div> <!-- method-content -->
              </div> <!-- method -->
              <div class="method">
                <div class="method-content">
                  <a name="select_payment_method">
                  </a> <!-- select_payment_method -->
                  <span class="method-name">select_payment_method</span>
                  <div class="stack-trace">org.openqa.selenium.StaleElementReferenceException: stale element reference: stale element not found
  (Session info: MicrosoftEdge=126.0.2592.102)
For documentation on this error, please visit: https://www.selenium.dev/documentation/webdriver/troubleshooting/errors#stale-element-reference-exception
Build info: version: &apos;4.21.0&apos;, revision: &apos;79ed462ef4&apos;
System info: os.name: &apos;Windows 10&apos;, os.arch: &apos;amd64&apos;, os.version: &apos;10.0&apos;, java.version: &apos;17.0.9&apos;
Driver info: org.openqa.selenium.edge.EdgeDriver
Command: [3895fb3333d93814c52a13f18856d074, sendKeysToElement {id=f.8380C88E71189E1A65C105AC45B13AD9.d.CEA5400F35A64F7AD9E68A3BC6F00223.e.281, value=[Ljava.lang.CharSequence;@43da7a15}]
Capabilities {acceptInsecureCerts: false, browserName: MicrosoftEdge, browserVersion: 126.0.2592.102, fedcm:accounts: true, ms:edgeOptions: {debuggerAddress: localhost:52330}, msedge: {msedgedriverVersion: 126.0.2592.102 (720b5d614be..., userDataDir: C:\Users\HP12D5~1\AppData\L...}, networkConnectionEnabled: false, pageLoadStrategy: normal, platformName: windows, proxy: Proxy(), se:cdp: ws://localhost:52330/devtoo..., se:cdpVersion: 126.0.2592.102, setWindowRect: true, strictFileInteractability: false, timeouts: {implicit: 0, pageLoad: 300000, script: 30000}, unhandledPromptBehavior: dismiss and notify, webauthn:extension:credBlob: true, webauthn:extension:largeBlob: true, webauthn:extension:minPinLength: true, webauthn:extension:prf: true, webauthn:virtualAuthenticators: true}
Element: [[EdgeDriver: MicrosoftEdge on windows (3895fb3333d93814c52a13f18856d074)] -&gt; name: password]
Session ID: 3895fb3333d93814c52a13f18856d074
	at org.openqa.selenium.remote.ErrorCodec.decode(ErrorCodec.java:167)
	at org.openqa.selenium.remote.codec.w3c.W3CHttpResponseCodec.decode(W3CHttpResponseCodec.java:138)
	at org.openqa.selenium.remote.codec.w3c.W3CHttpResponseCodec.decode(W3CHttpResponseCodec.java:50)
	at org.openqa.selenium.remote.HttpCommandExecutor.execute(HttpCommandExecutor.java:190)
	at org.openqa.selenium.remote.service.DriverCommandExecutor.invokeExecute(DriverCommandExecutor.java:216)
	at org.openqa.selenium.remote.service.DriverCommandExecutor.execute(DriverCommandExecutor.java:174)
	at org.openqa.selenium.remote.RemoteWebDriver.execute(RemoteWebDriver.java:518)
	at org.openqa.selenium.remote.RemoteWebElement.execute(RemoteWebElement.java:223)
	at org.openqa.selenium.remote.RemoteWebElement.sendKeys(RemoteWebElement.java:110)
	at org.openqa.selenium.support.pagefactory.internal.LocatingElementHandler.invoke(LocatingElementHandler.java:51)
	at jdk.proxy2/jdk.proxy2.$Proxy13.sendKeys(Unknown Source)
	at E_Commerce.Project_1.TC_2_Amazon_Valid_Login_Page.password(TC_2_Amazon_Valid_Login_Page.java:39)
	at E_Commerce.Project_1.Test_Case_12.select_payment_method(Test_Case_12.java:49)
	at java.base/java.util.ArrayList.forEach(ArrayList.java:1511)
	at java.base/java.util.concurrent.FutureTask.run(FutureTask.java:264)
	at java.base/java.util.concurrent.ThreadPoolExecutor.runWorker(ThreadPoolExecutor.java:1136)
	at java.base/java.util.concurrent.ThreadPoolExecutor$Worker.run(ThreadPoolExecutor.java:635)
	at java.base/java.lang.Thread.run(Thread.java:840)
... Removed 26 stack frames
</div> <!-- stack-trace -->
                </div> <!-- method-content -->
              </div> <!-- method -->
            </div> <!-- main-panel-content rounded-window-bottom -->
          </div> <!-- suite-Suite-class-failed -->
          <div class="suite-Suite-class-passed">
            <div class="main-panel-header rounded-window-top">
              <img src="passed.png"/>
              <span class="class-name">E_Commerce.Project_1.Test_Case_7</span>
            </div> <!-- main-panel-header rounded-window-top -->
            <div class="main-panel-content rounded-window-bottom">
              <div class="method">
                <div class="method-content">
                  <a name="product_discription_review_display">
                  </a> <!-- product_discription_review_display -->
                  <span class="method-name">product_discription_review_display</span>
                </div> <!-- method-content -->
              </div> <!-- method -->
              <div class="method">
                <div class="method-content">
                  <a name="product_discription_review_display">
                  </a> <!-- product_discription_review_display -->
                  <span class="method-name">product_discription_review_display</span>
                </div> <!-- method-content -->
              </div> <!-- method -->
            </div> <!-- main-panel-content rounded-window-bottom -->
          </div> <!-- suite-Suite-class-passed -->
          <div class="suite-Suite-class-passed">
            <div class="main-panel-header rounded-window-top">
              <img src="passed.png"/>
              <span class="class-name">E_Commerce.Project_1.Test_Case_9</span>
            </div> <!-- main-panel-header rounded-window-top -->
            <div class="main-panel-content rounded-window-bottom">
              <div class="method">
                <div class="method-content">
                  <a name="product_added_to_shopping_cart">
                  </a> <!-- product_added_to_shopping_cart -->
                  <span class="method-name">product_added_to_shopping_cart</span>
                </div> <!-- method-content -->
              </div> <!-- method -->
              <div class="method">
                <div class="method-content">
                  <a name="product_added_to_shopping_cart">
                  </a> <!-- product_added_to_shopping_cart -->
                  <span class="method-name">product_added_to_shopping_cart</span>
                </div> <!-- method-content -->
              </div> <!-- method -->
            </div> <!-- main-panel-content rounded-window-bottom -->
          </div> <!-- suite-Suite-class-passed -->
          <div class="suite-Suite-class-passed">
            <div class="main-panel-header rounded-window-top">
              <img src="passed.png"/>
              <span class="class-name">E_Commerce.Project_1.Test_Case_3</span>
            </div> <!-- main-panel-header rounded-window-top -->
            <div class="main-panel-content rounded-window-bottom">
              <div class="method">
                <div class="method-content">
                  <a name="invalid_login_credential">
                  </a> <!-- invalid_login_credential -->
                  <span class="method-name">invalid_login_credential</span>
                </div> <!-- method-content -->
              </div> <!-- method -->
              <div class="method">
                <div class="method-content">
                  <a name="invalid_login_credential">
                  </a> <!-- invalid_login_credential -->
                  <span class="method-name">invalid_login_credential</span>
                </div> <!-- method-content -->
              </div> <!-- method -->
            </div> <!-- main-panel-content rounded-window-bottom -->
          </div> <!-- suite-Suite-class-passed -->
          <div class="suite-Suite-class-passed">
            <div class="main-panel-header rounded-window-top">
              <img src="passed.png"/>
              <span class="class-name">E_Commerce.Project_1.Test_Case_5</span>
            </div> <!-- main-panel-header rounded-window-top -->
            <div class="main-panel-content rounded-window-bottom">
              <div class="method">
                <div class="method-content">
                  <a name="search_product_shoe">
                  </a> <!-- search_product_shoe -->
                  <span class="method-name">search_product_shoe</span>
                </div> <!-- method-content -->
              </div> <!-- method -->
              <div class="method">
                <div class="method-content">
                  <a name="search_product_shoe">
                  </a> <!-- search_product_shoe -->
                  <span class="method-name">search_product_shoe</span>
                </div> <!-- method-content -->
              </div> <!-- method -->
            </div> <!-- main-panel-content rounded-window-bottom -->
          </div> <!-- suite-Suite-class-passed -->
          <div class="suite-Suite-class-passed">
            <div class="main-panel-header rounded-window-top">
              <img src="passed.png"/>
              <span class="class-name">E_Commerce.Project_1.Test_Case_6</span>
            </div> <!-- main-panel-header rounded-window-top -->
            <div class="main-panel-content rounded-window-bottom">
              <div class="method">
                <div class="method-content">
                  <a name="search_product_with_filter">
                  </a> <!-- search_product_with_filter -->
                  <span class="method-name">search_product_with_filter</span>
                </div> <!-- method-content -->
              </div> <!-- method -->
              <div class="method">
                <div class="method-content">
                  <a name="search_product_with_filter">
                  </a> <!-- search_product_with_filter -->
                  <span class="method-name">search_product_with_filter</span>
                </div> <!-- method-content -->
              </div> <!-- method -->
            </div> <!-- main-panel-content rounded-window-bottom -->
          </div> <!-- suite-Suite-class-passed -->
          <div class="suite-Suite-class-passed">
            <div class="main-panel-header rounded-window-top">
              <img src="passed.png"/>
              <span class="class-name">E_Commerce.Project_1.Test_Case_8</span>
            </div> <!-- main-panel-header rounded-window-top -->
            <div class="main-panel-content rounded-window-bottom">
              <div class="method">
                <div class="method-content">
                  <a name="product_sorted_by_price">
                  </a> <!-- product_sorted_by_price -->
                  <span class="method-name">product_sorted_by_price</span>
                </div> <!-- method-content -->
              </div> <!-- method -->
            </div> <!-- main-panel-content rounded-window-bottom -->
          </div> <!-- suite-Suite-class-passed -->
          <div class="suite-Suite-class-passed">
            <div class="main-panel-header rounded-window-top">
              <img src="passed.png"/>
              <span class="class-name">E_Commerce.Project_1.Test_Case_2</span>
            </div> <!-- main-panel-header rounded-window-top -->
            <div class="main-panel-content rounded-window-bottom">
              <div class="method">
                <div class="method-content">
                  <a name="valid_credential_login">
                  </a> <!-- valid_credential_login -->
                  <span class="method-name">valid_credential_login</span>
                </div> <!-- method-content -->
              </div> <!-- method -->
              <div class="method">
                <div class="method-content">
                  <a name="valid_credential_login">
                  </a> <!-- valid_credential_login -->
                  <span class="method-name">valid_credential_login</span>
                </div> <!-- method-content -->
              </div> <!-- method -->
            </div> <!-- main-panel-content rounded-window-bottom -->
          </div> <!-- suite-Suite-class-passed -->
          <div class="suite-Suite-class-passed">
            <div class="main-panel-header rounded-window-top">
              <img src="passed.png"/>
              <span class="class-name">E_Commerce.Project_1.Test_Case_15</span>
            </div> <!-- main-panel-header rounded-window-top -->
            <div class="main-panel-content rounded-window-bottom">
              <div class="method">
                <div class="method-content">
                  <a name="reach_cart_page_witout_login">
                  </a> <!-- reach_cart_page_witout_login -->
                  <span class="method-name">reach_cart_page_witout_login</span>
                </div> <!-- method-content -->
              </div> <!-- method -->
              <div class="method">
                <div class="method-content">
                  <a name="reach_cart_page_witout_login">
                  </a> <!-- reach_cart_page_witout_login -->
                  <span class="method-name">reach_cart_page_witout_login</span>
                </div> <!-- method-content -->
              </div> <!-- method -->
            </div> <!-- main-panel-content rounded-window-bottom -->
          </div> <!-- suite-Suite-class-passed -->
          <div class="suite-Suite-class-passed">
            <div class="main-panel-header rounded-window-top">
              <img src="passed.png"/>
              <span class="class-name">E_Commerce.Project_1.Test_Case_10</span>
            </div> <!-- main-panel-header rounded-window-top -->
            <div class="main-panel-content rounded-window-bottom">
              <div class="method">
                <div class="method-content">
                  <a name="shopping_cart_updtaed">
                  </a> <!-- shopping_cart_updtaed -->
                  <span class="method-name">shopping_cart_updtaed</span>
                </div> <!-- method-content -->
              </div> <!-- method -->
              <div class="method">
                <div class="method-content">
                  <a name="shopping_cart_updtaed">
                  </a> <!-- shopping_cart_updtaed -->
                  <span class="method-name">shopping_cart_updtaed</span>
                </div> <!-- method-content -->
              </div> <!-- method -->
            </div> <!-- main-panel-content rounded-window-bottom -->
          </div> <!-- suite-Suite-class-passed -->
        </div> <!-- panel Suite -->
        <div panel-name="test-xml-Suite" class="panel">
          <div class="main-panel-header rounded-window-top">
            <span class="header-content">C:\Users\H P\eclipse-workspace\Project_1\parallel_testing.xml</span>
          </div> <!-- main-panel-header rounded-window-top -->
          <div class="main-panel-content rounded-window-bottom">
            <pre>
&lt;?xml version=&quot;1.0&quot; encoding=&quot;UTF-8&quot;?&gt;
&lt;!DOCTYPE suite SYSTEM &quot;https://testng.org/testng-1.0.dtd&quot;&gt;
&lt;suite parallel=&quot;tests&quot; name=&quot;Suite&quot; guice-stage=&quot;DEVELOPMENT&quot;&gt;
  &lt;test thread-count=&quot;5&quot; parallel=&quot;tests&quot; name=&quot;chrome test&quot;&gt;
    &lt;parameter name=&quot;rashmi_gupta&quot; value=&quot;chrome&quot;/&gt;
    &lt;classes&gt;
      &lt;class name=&quot;E_Commerce.Project_1.Test_Case_1&quot;/&gt;
      &lt;class name=&quot;E_Commerce.Project_1.Test_Case_2&quot;/&gt;
      &lt;class name=&quot;E_Commerce.Project_1.Test_Case_3&quot;/&gt;
      &lt;class name=&quot;E_Commerce.Project_1.Test_Case_4&quot;/&gt;
      &lt;class name=&quot;E_Commerce.Project_1.Test_Case_5&quot;/&gt;
      &lt;class name=&quot;E_Commerce.Project_1.Test_Case_6&quot;/&gt;
      &lt;class name=&quot;E_Commerce.Project_1.Test_Case_7&quot;/&gt;
      &lt;class name=&quot;E_Commerce.Project_1.Test_Case_8&quot;/&gt;
      &lt;class name=&quot;E_Commerce.Project_1.Test_Case_9&quot;/&gt;
      &lt;class name=&quot;E_Commerce.Project_1.Test_Case_10&quot;/&gt;
      &lt;class name=&quot;E_Commerce.Project_1.Test_Case_11&quot;/&gt;
      &lt;class name=&quot;E_Commerce.Project_1.Test_Case_12&quot;/&gt;
      &lt;class name=&quot;E_Commerce.Project_1.Test_Case_13&quot;/&gt;
      &lt;class name=&quot;E_Commerce.Project_1.Test_Case_14&quot;/&gt;
      &lt;class name=&quot;E_Commerce.Project_1.Test_Case_15&quot;/&gt;
    &lt;/classes&gt;
  &lt;/test&gt; &lt;!-- chrome test --&gt;
  &lt;test thread-count=&quot;5&quot; parallel=&quot;tests&quot; name=&quot;edge test&quot;&gt;
    &lt;parameter name=&quot;rashmi_gupta&quot; value=&quot;edge&quot;/&gt;
    &lt;classes&gt;
      &lt;class name=&quot;E_Commerce.Project_1.Test_Case_1&quot;/&gt;
      &lt;class name=&quot;E_Commerce.Project_1.Test_Case_2&quot;/&gt;
      &lt;class name=&quot;E_Commerce.Project_1.Test_Case_3&quot;/&gt;
      &lt;class name=&quot;E_Commerce.Project_1.Test_Case_4&quot;/&gt;
      &lt;class name=&quot;E_Commerce.Project_1.Test_Case_5&quot;/&gt;
      &lt;class name=&quot;E_Commerce.Project_1.Test_Case_6&quot;/&gt;
      &lt;class name=&quot;E_Commerce.Project_1.Test_Case_7&quot;/&gt;
      &lt;class name=&quot;E_Commerce.Project_1.Test_Case_8&quot;/&gt;
      &lt;class name=&quot;E_Commerce.Project_1.Test_Case_9&quot;/&gt;
      &lt;class name=&quot;E_Commerce.Project_1.Test_Case_10&quot;/&gt;
      &lt;class name=&quot;E_Commerce.Project_1.Test_Case_11&quot;/&gt;
      &lt;class name=&quot;E_Commerce.Project_1.Test_Case_12&quot;/&gt;
      &lt;class name=&quot;E_Commerce.Project_1.Test_Case_13&quot;/&gt;
      &lt;class name=&quot;E_Commerce.Project_1.Test_Case_14&quot;/&gt;
      &lt;class name=&quot;E_Commerce.Project_1.Test_Case_15&quot;/&gt;
    &lt;/classes&gt;
  &lt;/test&gt; &lt;!-- edge test --&gt;
&lt;/suite&gt; &lt;!-- Suite --&gt;
            </pre>
          </div> <!-- main-panel-content rounded-window-bottom -->
        </div> <!-- panel -->
        <div panel-name="testlist-Suite" class="panel">
          <div class="main-panel-header rounded-window-top">
            <span class="header-content">Tests for Suite</span>
          </div> <!-- main-panel-header rounded-window-top -->
          <div class="main-panel-content rounded-window-bottom">
            <ul>
              <li>
                <span class="test-name">chrome test (15 classes)</span>
              </li>
              <li>
                <span class="test-name">edge test (15 classes)</span>
              </li>
            </ul>
          </div> <!-- main-panel-content rounded-window-bottom -->
        </div> <!-- panel -->
        <div panel-name="group-Suite" class="panel">
          <div class="main-panel-header rounded-window-top">
            <span class="header-content">Groups for Suite</span>
          </div> <!-- main-panel-header rounded-window-top -->
          <div class="main-panel-content rounded-window-bottom">
          </div> <!-- main-panel-content rounded-window-bottom -->
        </div> <!-- panel -->
        <div panel-name="times-Suite" class="panel">
          <div class="main-panel-header rounded-window-top">
            <span class="header-content">Times for Suite</span>
          </div> <!-- main-panel-header rounded-window-top -->
          <div class="main-panel-content rounded-window-bottom">
            <div class="times-div">
              <script type="text/javascript">
suiteTableInitFunctions.push('tableData_Suite');
function tableData_Suite() {
var data = new google.visualization.DataTable();
data.addColumn('number', 'Number');
data.addColumn('string', 'Method');
data.addColumn('string', 'Class');
data.addColumn('number', 'Time (ms)');
data.addRows(30);
data.setCell(0, 0, 0)
data.setCell(0, 1, 'apply_coupon_code')
data.setCell(0, 2, 'E_Commerce.Project_1.Test_Case_13')
data.setCell(0, 3, 133983);
data.setCell(1, 0, 1)
data.setCell(1, 1, 'validate_checkout_process_address_payment_selection__order_review')
data.setCell(1, 2, 'E_Commerce.Project_1.Test_Case_11')
data.setCell(1, 3, 125228);
data.setCell(2, 0, 2)
data.setCell(2, 1, 'select_payment_method')
data.setCell(2, 2, 'E_Commerce.Project_1.Test_Case_12')
data.setCell(2, 3, 113831);
data.setCell(3, 0, 3)
data.setCell(3, 1, 'select_payment_method')
data.setCell(3, 2, 'E_Commerce.Project_1.Test_Case_12')
data.setCell(3, 3, 109028);
data.setCell(4, 0, 4)
data.setCell(4, 1, 'apply_coupon_code')
data.setCell(4, 2, 'E_Commerce.Project_1.Test_Case_13')
data.setCell(4, 3, 102089);
data.setCell(5, 0, 5)
data.setCell(5, 1, 'shopping_cart_updtaed')
data.setCell(5, 2, 'E_Commerce.Project_1.Test_Case_10')
data.setCell(5, 3, 101049);
data.setCell(6, 0, 6)
data.setCell(6, 1, 'product_discription_review_display')
data.setCell(6, 2, 'E_Commerce.Project_1.Test_Case_7')
data.setCell(6, 3, 99630);
data.setCell(7, 0, 7)
data.setCell(7, 1, 'shopping_cart_updtaed')
data.setCell(7, 2, 'E_Commerce.Project_1.Test_Case_10')
data.setCell(7, 3, 95624);
data.setCell(8, 0, 8)
data.setCell(8, 1, 'product_added_to_shopping_cart')
data.setCell(8, 2, 'E_Commerce.Project_1.Test_Case_9')
data.setCell(8, 3, 88797);
data.setCell(9, 0, 9)
data.setCell(9, 1, 'product_sorted_by_price')
data.setCell(9, 2, 'E_Commerce.Project_1.Test_Case_8')
data.setCell(9, 3, 87576);
data.setCell(10, 0, 10)
data.setCell(10, 1, 'product_added_to_shopping_cart')
data.setCell(10, 2, 'E_Commerce.Project_1.Test_Case_9')
data.setCell(10, 3, 85026);
data.setCell(11, 0, 11)
data.setCell(11, 1, 'product_sorted_by_price')
data.setCell(11, 2, 'E_Commerce.Project_1.Test_Case_8')
data.setCell(11, 3, 79472);
data.setCell(12, 0, 12)
data.setCell(12, 1, 'product_discription_review_display')
data.setCell(12, 2, 'E_Commerce.Project_1.Test_Case_7')
data.setCell(12, 3, 78140);
data.setCell(13, 0, 13)
data.setCell(13, 1, 'search_product_with_filter')
data.setCell(13, 2, 'E_Commerce.Project_1.Test_Case_6')
data.setCell(13, 3, 72811);
data.setCell(14, 0, 14)
data.setCell(14, 1, 'search_product_with_filter')
data.setCell(14, 2, 'E_Commerce.Project_1.Test_Case_6')
data.setCell(14, 3, 72401);
data.setCell(15, 0, 15)
data.setCell(15, 1, 'edit_profile')
data.setCell(15, 2, 'E_Commerce.Project_1.Test_Case_4')
data.setCell(15, 3, 69876);
data.setCell(16, 0, 16)
data.setCell(16, 1, 'edit_profile')
data.setCell(16, 2, 'E_Commerce.Project_1.Test_Case_4')
data.setCell(16, 3, 58868);
data.setCell(17, 0, 17)
data.setCell(17, 1, 'validate_checkout_process_address_payment_selection__order_review')
data.setCell(17, 2, 'E_Commerce.Project_1.Test_Case_11')
data.setCell(17, 3, 58637);
data.setCell(18, 0, 18)
data.setCell(18, 1, 'reach_cart_page_witout_login')
data.setCell(18, 2, 'E_Commerce.Project_1.Test_Case_15')
data.setCell(18, 3, 48710);
data.setCell(19, 0, 19)
data.setCell(19, 1, 'valid_credential_login')
data.setCell(19, 2, 'E_Commerce.Project_1.Test_Case_2')
data.setCell(19, 3, 36036);
data.setCell(20, 0, 20)
data.setCell(20, 1, 'give_rating_on_last_order')
data.setCell(20, 2, 'E_Commerce.Project_1.Test_Case_14')
data.setCell(20, 3, 28910);
data.setCell(21, 0, 21)
data.setCell(21, 1, 'give_rating_on_last_order')
data.setCell(21, 2, 'E_Commerce.Project_1.Test_Case_14')
data.setCell(21, 3, 25602);
data.setCell(22, 0, 22)
data.setCell(22, 1, 'reach_cart_page_witout_login')
data.setCell(22, 2, 'E_Commerce.Project_1.Test_Case_15')
data.setCell(22, 3, 25376);
data.setCell(23, 0, 23)
data.setCell(23, 1, 'valid_credential_login')
data.setCell(23, 2, 'E_Commerce.Project_1.Test_Case_2')
data.setCell(23, 3, 16560);
data.setCell(24, 0, 24)
data.setCell(24, 1, 'registration')
data.setCell(24, 2, 'E_Commerce.Project_1.Test_Case_1')
data.setCell(24, 3, 15653);
data.setCell(25, 0, 25)
data.setCell(25, 1, 'search_product_shoe')
data.setCell(25, 2, 'E_Commerce.Project_1.Test_Case_5')
data.setCell(25, 3, 12415);
data.setCell(26, 0, 26)
data.setCell(26, 1, 'search_product_shoe')
data.setCell(26, 2, 'E_Commerce.Project_1.Test_Case_5')
data.setCell(26, 3, 12197);
data.setCell(27, 0, 27)
data.setCell(27, 1, 'invalid_login_credential')
data.setCell(27, 2, 'E_Commerce.Project_1.Test_Case_3')
data.setCell(27, 3, 11883);
data.setCell(28, 0, 28)
data.setCell(28, 1, 'invalid_login_credential')
data.setCell(28, 2, 'E_Commerce.Project_1.Test_Case_3')
data.setCell(28, 3, 7583);
data.setCell(29, 0, 29)
data.setCell(29, 1, 'registration')
data.setCell(29, 2, 'E_Commerce.Project_1.Test_Case_1')
data.setCell(29, 3, 6492);
window.suiteTableData['Suite']= { tableData: data, tableDiv: 'times-div-Suite'}
return data;
}
              </script>
              <span class="suite-total-time">Total running time: 21 minutes</span>
              <div id="times-div-Suite">
              </div> <!-- times-div-Suite -->
            </div> <!-- times-div -->
          </div> <!-- main-panel-content rounded-window-bottom -->
        </div> <!-- panel -->
        <div panel-name="reporter-Suite" class="panel">
          <div class="main-panel-header rounded-window-top">
            <span class="header-content">Reporter output for Suite</span>
          </div> <!-- main-panel-header rounded-window-top -->
          <div class="main-panel-content rounded-window-bottom">
          </div> <!-- main-panel-content rounded-window-bottom -->
        </div> <!-- panel -->
        <div panel-name="ignored-methods-Suite" class="panel">
          <div class="main-panel-header rounded-window-top">
            <span class="header-content">0 ignored methods</span>
          </div> <!-- main-panel-header rounded-window-top -->
          <div class="main-panel-content rounded-window-bottom">
          </div> <!-- main-panel-content rounded-window-bottom -->
        </div> <!-- panel -->
        <div panel-name="chronological-Suite" class="panel">
          <div class="main-panel-header rounded-window-top">
            <span class="header-content">Methods in chronological order</span>
          </div> <!-- main-panel-header rounded-window-top -->
          <div class="main-panel-content rounded-window-bottom">
            <div class="chronological-class">
              <div class="chronological-class-name">E_Commerce.Project_1.Test_Case_1</div> <!-- chronological-class-name -->
              <div class="configuration-method before">
                <span class="method-name">before_method(chrome)</span>
                <span class="method-start">0 ms</span>
              </div> <!-- configuration-method before -->
              <div class="configuration-method before">
                <span class="method-name">before_method(edge)</span>
                <span class="method-start">0 ms</span>
              </div> <!-- configuration-method before -->
              <div class="test-method">
                <img src="failed.png">
                </img>
                <span class="method-name">registration</span>
                <span class="method-start">15476 ms</span>
              </div> <!-- test-method -->
              <div class="test-method">
                <img src="failed.png">
                </img>
                <span class="method-name">registration</span>
                <span class="method-start">16923 ms</span>
              </div> <!-- test-method -->
            </div> <!-- chronological-class -->
            <div class="chronological-class">
              <div class="chronological-class-name">E_Commerce.Project_1.Test_Case_2</div> <!-- chronological-class-name -->
              <div class="configuration-method before">
                <span class="method-name">before_method(edge)</span>
                <span class="method-start">23465 ms</span>
              </div> <!-- configuration-method before -->
              <div class="configuration-method before">
                <span class="method-name">before_method(chrome)</span>
                <span class="method-start">31146 ms</span>
              </div> <!-- configuration-method before -->
              <div class="test-method">
                <span class="method-name">valid_credential_login</span>
                <span class="method-start">33818 ms</span>
              </div> <!-- test-method -->
              <div class="test-method">
                <span class="method-name">valid_credential_login</span>
                <span class="method-start">54448 ms</span>
              </div> <!-- test-method -->
            </div> <!-- chronological-class -->
            <div class="chronological-class">
              <div class="chronological-class-name">E_Commerce.Project_1.Test_Case_3</div> <!-- chronological-class-name -->
              <div class="configuration-method before">
                <span class="method-name">before_method(edge)</span>
                <span class="method-start">69857 ms</span>
              </div> <!-- configuration-method before -->
              <div class="configuration-method before">
                <span class="method-name">before_method(chrome)</span>
                <span class="method-start">71011 ms</span>
              </div> <!-- configuration-method before -->
              <div class="test-method">
                <span class="method-name">invalid_login_credential</span>
                <span class="method-start">94423 ms</span>
              </div> <!-- test-method -->
              <div class="test-method">
                <span class="method-name">invalid_login_credential</span>
                <span class="method-start">95160 ms</span>
              </div> <!-- test-method -->
            </div> <!-- chronological-class -->
            <div class="chronological-class">
              <div class="chronological-class-name">E_Commerce.Project_1.Test_Case_4</div> <!-- chronological-class-name -->
              <div class="configuration-method before">
                <span class="method-name">before_method(edge)</span>
                <span class="method-start">102750 ms</span>
              </div> <!-- configuration-method before -->
              <div class="configuration-method before">
                <span class="method-name">before_method(chrome)</span>
                <span class="method-start">106311 ms</span>
              </div> <!-- configuration-method before -->
              <div class="test-method">
                <img src="failed.png">
                </img>
                <span class="method-name">edit_profile</span>
                <span class="method-start">124488 ms</span>
              </div> <!-- test-method -->
              <div class="test-method">
                <img src="failed.png">
                </img>
                <span class="method-name">edit_profile</span>
                <span class="method-start">130546 ms</span>
              </div> <!-- test-method -->
            </div> <!-- chronological-class -->
            <div class="chronological-class">
              <div class="chronological-class-name">E_Commerce.Project_1.Test_Case_5</div> <!-- chronological-class-name -->
              <div class="configuration-method before">
                <span class="method-name">before_method(edge)</span>
                <span class="method-start">189423 ms</span>
              </div> <!-- configuration-method before -->
              <div class="configuration-method before">
                <span class="method-name">before_method(chrome)</span>
                <span class="method-start">194369 ms</span>
              </div> <!-- configuration-method before -->
              <div class="test-method">
                <span class="method-name">search_product_shoe</span>
                <span class="method-start">215531 ms</span>
              </div> <!-- test-method -->
              <div class="test-method">
                <span class="method-name">search_product_shoe</span>
                <span class="method-start">222335 ms</span>
              </div> <!-- test-method -->
            </div> <!-- chronological-class -->
            <div class="chronological-class">
              <div class="chronological-class-name">E_Commerce.Project_1.Test_Case_6</div> <!-- chronological-class-name -->
              <div class="configuration-method before">
                <span class="method-name">before_method(edge)</span>
                <span class="method-start">227731 ms</span>
              </div> <!-- configuration-method before -->
              <div class="configuration-method before">
                <span class="method-name">before_method(chrome)</span>
                <span class="method-start">234753 ms</span>
              </div> <!-- configuration-method before -->
              <div class="test-method">
                <span class="method-name">search_product_with_filter</span>
                <span class="method-start">277009 ms</span>
              </div> <!-- test-method -->
              <div class="test-method">
                <span class="method-name">search_product_with_filter</span>
                <span class="method-start">277635 ms</span>
              </div> <!-- test-method -->
            </div> <!-- chronological-class -->
            <div class="chronological-class">
              <div class="chronological-class-name">E_Commerce.Project_1.Test_Case_7</div> <!-- chronological-class-name -->
              <div class="configuration-method before">
                <span class="method-name">before_method(edge)</span>
                <span class="method-start">349414 ms</span>
              </div> <!-- configuration-method before -->
              <div class="configuration-method before">
                <span class="method-name">before_method(chrome)</span>
                <span class="method-start">350449 ms</span>
              </div> <!-- configuration-method before -->
              <div class="test-method">
                <span class="method-name">product_discription_review_display</span>
                <span class="method-start">371752 ms</span>
              </div> <!-- test-method -->
              <div class="test-method">
                <span class="method-name">product_discription_review_display</span>
                <span class="method-start">375880 ms</span>
              </div> <!-- test-method -->
            </div> <!-- chronological-class -->
            <div class="chronological-class">
              <div class="chronological-class-name">E_Commerce.Project_1.Test_Case_8</div> <!-- chronological-class-name -->
              <div class="configuration-method before">
                <span class="method-name">before_method(chrome)</span>
                <span class="method-start">449895 ms</span>
              </div> <!-- configuration-method before -->
              <div class="configuration-method before">
                <span class="method-name">before_method(edge)</span>
                <span class="method-start">475515 ms</span>
              </div> <!-- configuration-method before -->
              <div class="test-method">
                <img src="failed.png">
                </img>
                <span class="method-name">product_sorted_by_price</span>
                <span class="method-start">479061 ms</span>
              </div> <!-- test-method -->
              <div class="test-method">
                <span class="method-name">product_sorted_by_price</span>
                <span class="method-start">515377 ms</span>
              </div> <!-- test-method -->
            </div> <!-- chronological-class -->
            <div class="chronological-class">
              <div class="chronological-class-name">E_Commerce.Project_1.Test_Case_9</div> <!-- chronological-class-name -->
              <div class="configuration-method before">
                <span class="method-name">before_method(chrome)</span>
                <span class="method-start">566641 ms</span>
              </div> <!-- configuration-method before -->
              <div class="test-method">
                <span class="method-name">product_added_to_shopping_cart</span>
                <span class="method-start">584226 ms</span>
              </div> <!-- test-method -->
              <div class="configuration-method before">
                <span class="method-name">before_method(edge)</span>
                <span class="method-start">594851 ms</span>
              </div> <!-- configuration-method before -->
              <div class="test-method">
                <span class="method-name">product_added_to_shopping_cart</span>
                <span class="method-start">616103 ms</span>
              </div> <!-- test-method -->
            </div> <!-- chronological-class -->
            <div class="chronological-class">
              <div class="chronological-class-name">E_Commerce.Project_1.Test_Case_10</div> <!-- chronological-class-name -->
              <div class="configuration-method before">
                <span class="method-name">before_method(chrome)</span>
                <span class="method-start">673024 ms</span>
              </div> <!-- configuration-method before -->
              <div class="test-method">
                <span class="method-name">shopping_cart_updtaed</span>
                <span class="method-start">682080 ms</span>
              </div> <!-- test-method -->
              <div class="configuration-method before">
                <span class="method-name">before_method(edge)</span>
                <span class="method-start">701132 ms</span>
              </div> <!-- configuration-method before -->
              <div class="test-method">
                <span class="method-name">shopping_cart_updtaed</span>
                <span class="method-start">724374 ms</span>
              </div> <!-- test-method -->
            </div> <!-- chronological-class -->
            <div class="chronological-class">
              <div class="chronological-class-name">E_Commerce.Project_1.Test_Case_11</div> <!-- chronological-class-name -->
              <div class="configuration-method before">
                <span class="method-name">before_method(chrome)</span>
                <span class="method-start">783130 ms</span>
              </div> <!-- configuration-method before -->
              <div class="test-method">
                <img src="failed.png">
                </img>
                <span class="method-name">validate_checkout_process_address_payment_selection__order_review</span>
                <span class="method-start">792796 ms</span>
              </div> <!-- test-method -->
              <div class="configuration-method before">
                <span class="method-name">before_method(edge)</span>
                <span class="method-start">820001 ms</span>
              </div> <!-- configuration-method before -->
              <div class="test-method">
                <img src="failed.png">
                </img>
                <span class="method-name">validate_checkout_process_address_payment_selection__order_review</span>
                <span class="method-start">832922 ms</span>
              </div> <!-- test-method -->
            </div> <!-- chronological-class -->
            <div class="chronological-class">
              <div class="chronological-class-name">E_Commerce.Project_1.Test_Case_12</div> <!-- chronological-class-name -->
              <div class="configuration-method before">
                <span class="method-name">before_method(edge)</span>
                <span class="method-start">891583 ms</span>
              </div> <!-- configuration-method before -->
              <div class="configuration-method before">
                <span class="method-name">before_method(chrome)</span>
                <span class="method-start">918033 ms</span>
              </div> <!-- configuration-method before -->
              <div class="test-method">
                <img src="failed.png">
                </img>
                <span class="method-name">select_payment_method</span>
                <span class="method-start">923474 ms</span>
              </div> <!-- test-method -->
              <div class="test-method">
                <img src="failed.png">
                </img>
                <span class="method-name">select_payment_method</span>
                <span class="method-start">942245 ms</span>
              </div> <!-- test-method -->
            </div> <!-- chronological-class -->
            <div class="chronological-class">
              <div class="chronological-class-name">E_Commerce.Project_1.Test_Case_13</div> <!-- chronological-class-name -->
              <div class="configuration-method before">
                <span class="method-name">before_method(edge)</span>
                <span class="method-start">1032511 ms</span>
              </div> <!-- configuration-method before -->
              <div class="configuration-method before">
                <span class="method-name">before_method(chrome)</span>
                <span class="method-start">1056081 ms</span>
              </div> <!-- configuration-method before -->
              <div class="test-method">
                <img src="failed.png">
                </img>
                <span class="method-name">apply_coupon_code</span>
                <span class="method-start">1058328 ms</span>
              </div> <!-- test-method -->
              <div class="test-method">
                <img src="failed.png">
                </img>
                <span class="method-name">apply_coupon_code</span>
                <span class="method-start">1071042 ms</span>
              </div> <!-- test-method -->
            </div> <!-- chronological-class -->
            <div class="chronological-class">
              <div class="chronological-class-name">E_Commerce.Project_1.Test_Case_14</div> <!-- chronological-class-name -->
              <div class="configuration-method before">
                <span class="method-name">before_method(chrome)</span>
                <span class="method-start">1173135 ms</span>
              </div> <!-- configuration-method before -->
              <div class="test-method">
                <img src="failed.png">
                </img>
                <span class="method-name">give_rating_on_last_order</span>
                <span class="method-start">1183597 ms</span>
              </div> <!-- test-method -->
              <div class="configuration-method before">
                <span class="method-name">before_method(edge)</span>
                <span class="method-start">1192313 ms</span>
              </div> <!-- configuration-method before -->
            </div> <!-- chronological-class -->
            <div class="chronological-class">
              <div class="chronological-class-name">E_Commerce.Project_1.Test_Case_15</div> <!-- chronological-class-name -->
              <div class="configuration-method before">
                <span class="method-name">before_method(chrome)</span>
                <span class="method-start">1209204 ms</span>
              </div> <!-- configuration-method before -->
            </div> <!-- chronological-class -->
            <div class="chronological-class">
              <div class="chronological-class-name">E_Commerce.Project_1.Test_Case_14</div> <!-- chronological-class-name -->
              <div class="test-method">
                <img src="failed.png">
                </img>
                <span class="method-name">give_rating_on_last_order</span>
                <span class="method-start">1209848 ms</span>
              </div> <!-- test-method -->
            </div> <!-- chronological-class -->
            <div class="chronological-class">
              <div class="chronological-class-name">E_Commerce.Project_1.Test_Case_15</div> <!-- chronological-class-name -->
              <div class="test-method">
                <span class="method-name">reach_cart_page_witout_login</span>
                <span class="method-start">1229353 ms</span>
              </div> <!-- test-method -->
              <div class="configuration-method before">
                <span class="method-name">before_method(edge)</span>
                <span class="method-start">1238765 ms</span>
              </div> <!-- configuration-method before -->
              <div class="test-method">
                <span class="method-name">reach_cart_page_witout_login</span>
                <span class="method-start">1274375 ms</span>
              </div> <!-- test-method -->
          </div> <!-- main-panel-content rounded-window-bottom -->
        </div> <!-- panel -->
      </div> <!-- main-panel-root -->
    </div> <!-- wrapper -->
  </body>
<script type="text/javascript" src="testng-reports2.js"></script>
</html>
